2017-09-20 21:21:12 Err chlog.go.83 抓取图片 http://ws3.sinaimg.cn/large/006c7Paely1fjqbf4i97kg308w05016q.gif 成功
2017-09-20 21:21:12 Err chlog.go.83 抓取图片 http://wx2.sinaimg.cn/large/752a0957ly1fjqbb2d29hj20dw0irtam.jpg 成功
2017-09-20 21:21:12 Err chlog.go.83 抓取图片 http://wx2.sinaimg.cn/large/752a0957ly1fjqbafr8fyj20zk0np7at.jpg 成功
2017-09-20 21:21:12 Err chlog.go.83 抓取图片 http://wx4.sinaimg.cn/large/752a0957ly1fjqba5zlvij20jg0ob773.jpg 成功
2017-09-20 21:21:12 Err chlog.go.83 抓取图片 http://ws3.sinaimg.cn/large/006xa2u9gy1fjqb3bmrfrj30hs0np77b.jpg 成功
2017-09-20 21:21:12 Err chlog.go.83 抓取图片 http://ws3.sinaimg.cn/large/006c7Paely1fjqbf4i97kg308w05016q.gif 成功
2017-09-20 21:21:13 Err chlog.go.83 抓取图片 http://wx2.sinaimg.cn/large/752a0957ly1fjqbb2d29hj20dw0irtam.jpg 成功
2017-09-20 21:21:13 Err chlog.go.83 抓取图片 http://wx2.sinaimg.cn/large/752a0957ly1fjqbafr8fyj20zk0np7at.jpg 成功
2017-09-20 21:21:13 Err chlog.go.83 抓取图片 http://wx4.sinaimg.cn/large/752a0957ly1fjqba5zlvij20jg0ob773.jpg 成功
2017-09-20 21:21:13 Err chlog.go.83 抓取图片 http://ws3.sinaimg.cn/large/006xa2u9gy1fjqb3bmrfrj30hs0np77b.jpg 成功
2017-09-20 21:21:13 Err chlog.go.83 抓取图片 http://ws3.sinaimg.cn/large/006c7Paely1fjqbf4i97kg308w05016q.gif 成功
2017-09-20 21:21:13 Err chlog.go.83 抓取图片 http://wx2.sinaimg.cn/large/752a0957ly1fjqbb2d29hj20dw0irtam.jpg 成功
2017-09-20 21:21:13 Err chlog.go.83 抓取图片 http://wx2.sinaimg.cn/large/752a0957ly1fjqbafr8fyj20zk0np7at.jpg 成功
2017-09-20 21:21:13 Err chlog.go.83 抓取图片 http://wx4.sinaimg.cn/large/752a0957ly1fjqba5zlvij20jg0ob773.jpg 成功
2017-09-20 21:21:14 Err chlog.go.83 抓取图片 http://ws3.sinaimg.cn/large/006xa2u9gy1fjqb3bmrfrj30hs0np77b.jpg 成功
2017-09-20 21:21:14 Err chlog.go.83 抓取图片 http://ws3.sinaimg.cn/large/006c7Paely1fjqbf4i97kg308w05016q.gif 成功
2017-09-20 21:21:14 Err chlog.go.83 抓取图片 http://wx2.sinaimg.cn/large/752a0957ly1fjqbb2d29hj20dw0irtam.jpg 成功
2017-09-20 21:21:14 Err chlog.go.83 抓取图片 http://wx2.sinaimg.cn/large/752a0957ly1fjqbafr8fyj20zk0np7at.jpg 成功
2017-09-20 21:21:14 Err chlog.go.83 抓取图片 http://wx4.sinaimg.cn/large/752a0957ly1fjqba5zlvij20jg0ob773.jpg 成功
2017-09-20 21:21:14 Err chlog.go.83 抓取图片 http://ws3.sinaimg.cn/large/006xa2u9gy1fjqb3bmrfrj30hs0np77b.jpg 成功
2017-09-20 21:21:15 Err chlog.go.83 抓取图片 http://ws3.sinaimg.cn/large/006c7Paely1fjqbf4i97kg308w05016q.gif 成功
2017-09-20 21:21:15 Err chlog.go.83 抓取图片 http://wx2.sinaimg.cn/large/752a0957ly1fjqbb2d29hj20dw0irtam.jpg 成功
2017-09-20 21:21:15 Err chlog.go.83 抓取图片 http://wx2.sinaimg.cn/large/752a0957ly1fjqbafr8fyj20zk0np7at.jpg 成功
2017-09-20 21:21:15 Err chlog.go.83 抓取图片 http://wx4.sinaimg.cn/large/752a0957ly1fjqba5zlvij20jg0ob773.jpg 成功
2017-09-20 21:21:15 Err chlog.go.83 抓取图片 http://ws3.sinaimg.cn/large/006xa2u9gy1fjqb3bmrfrj30hs0np77b.jpg 成功
2017-09-20 21:21:15 Err chlog.go.83 抓取图片 http://ws3.sinaimg.cn/large/006c7Paely1fjqbf4i97kg308w05016q.gif 成功
2017-09-20 21:21:15 Err chlog.go.83 抓取图片 http://wx2.sinaimg.cn/large/752a0957ly1fjqbb2d29hj20dw0irtam.jpg 成功
2017-09-20 21:21:15 Err chlog.go.83 抓取图片 http://wx2.sinaimg.cn/large/752a0957ly1fjqbafr8fyj20zk0np7at.jpg 成功
2017-09-20 21:21:15 Err chlog.go.83 抓取图片 http://wx4.sinaimg.cn/large/752a0957ly1fjqba5zlvij20jg0ob773.jpg 成功
2017-09-20 21:21:15 Err chlog.go.83 抓取图片 http://ws3.sinaimg.cn/large/006xa2u9gy1fjqb3bmrfrj30hs0np77b.jpg 成功
2017-09-20 21:21:16 Err chlog.go.83 抓取图片 http://ws3.sinaimg.cn/large/006c7Paely1fjqbf4i97kg308w05016q.gif 成功
2017-09-20 21:21:16 Err chlog.go.83 抓取图片 http://wx2.sinaimg.cn/large/752a0957ly1fjqbb2d29hj20dw0irtam.jpg 成功
2017-09-20 21:21:16 Err chlog.go.83 抓取图片 http://wx2.sinaimg.cn/large/752a0957ly1fjqbafr8fyj20zk0np7at.jpg 成功
2017-09-20 21:21:16 Err chlog.go.83 抓取图片 http://wx4.sinaimg.cn/large/752a0957ly1fjqba5zlvij20jg0ob773.jpg 成功
2017-09-20 21:21:16 Err chlog.go.83 抓取图片 http://ws3.sinaimg.cn/large/006xa2u9gy1fjqb3bmrfrj30hs0np77b.jpg 成功
2017-09-20 21:21:16 Err chlog.go.83 抓取图片 http://ws3.sinaimg.cn/large/006c7Paely1fjqbf4i97kg308w05016q.gif 成功
2017-09-20 21:21:16 Err chlog.go.83 抓取图片 http://wx2.sinaimg.cn/large/752a0957ly1fjqbb2d29hj20dw0irtam.jpg 成功
2017-09-20 21:21:16 Err chlog.go.83 抓取图片 http://wx2.sinaimg.cn/large/752a0957ly1fjqbafr8fyj20zk0np7at.jpg 成功
2017-09-20 21:21:16 Err chlog.go.83 抓取图片 http://wx4.sinaimg.cn/large/752a0957ly1fjqba5zlvij20jg0ob773.jpg 成功
2017-09-20 21:21:16 Err chlog.go.83 抓取图片 http://ws3.sinaimg.cn/large/006xa2u9gy1fjqb3bmrfrj30hs0np77b.jpg 成功
2017-09-20 21:21:16 Err chlog.go.83 抓取图片 http://ws3.sinaimg.cn/large/006c7Paely1fjqbf4i97kg308w05016q.gif 成功
2017-09-20 21:21:16 Err chlog.go.83 抓取图片 http://wx2.sinaimg.cn/large/752a0957ly1fjqbb2d29hj20dw0irtam.jpg 成功
2017-09-20 21:21:16 Err chlog.go.83 抓取图片 http://wx2.sinaimg.cn/large/752a0957ly1fjqbafr8fyj20zk0np7at.jpg 成功
2017-09-20 21:21:17 Err chlog.go.83 抓取图片 http://wx4.sinaimg.cn/large/752a0957ly1fjqba5zlvij20jg0ob773.jpg 成功
2017-09-20 21:21:17 Err chlog.go.83 抓取图片 http://ws3.sinaimg.cn/large/006xa2u9gy1fjqb3bmrfrj30hs0np77b.jpg 成功
2017-09-20 21:21:17 Err chlog.go.83 抓取图片 http://ws3.sinaimg.cn/large/006c7Paely1fjqbf4i97kg308w05016q.gif 成功
2017-09-20 21:21:17 Err chlog.go.83 抓取图片 http://wx2.sinaimg.cn/large/752a0957ly1fjqbb2d29hj20dw0irtam.jpg 成功
2017-09-20 21:21:17 Err chlog.go.83 抓取图片 http://wx2.sinaimg.cn/large/752a0957ly1fjqbafr8fyj20zk0np7at.jpg 成功
2017-09-20 21:21:17 Err chlog.go.83 抓取图片 http://wx4.sinaimg.cn/large/752a0957ly1fjqba5zlvij20jg0ob773.jpg 成功
2017-09-20 21:21:17 Err chlog.go.83 抓取图片 http://ws3.sinaimg.cn/large/006xa2u9gy1fjqb3bmrfrj30hs0np77b.jpg 成功
2017-09-20 21:21:17 Err chlog.go.83 抓取图片 http://ws3.sinaimg.cn/large/006c7Paely1fjqbf4i97kg308w05016q.gif 成功
2017-09-20 21:21:17 Err chlog.go.83 抓取图片 http://wx2.sinaimg.cn/large/752a0957ly1fjqbb2d29hj20dw0irtam.jpg 成功
2017-09-20 21:21:17 Err chlog.go.83 抓取图片 http://wx2.sinaimg.cn/large/752a0957ly1fjqbafr8fyj20zk0np7at.jpg 成功
2017-09-20 21:21:17 Err chlog.go.83 抓取图片 http://wx4.sinaimg.cn/large/752a0957ly1fjqba5zlvij20jg0ob773.jpg 成功
2017-09-20 21:21:17 Err chlog.go.83 抓取图片 http://ws3.sinaimg.cn/large/006xa2u9gy1fjqb3bmrfrj30hs0np77b.jpg 成功
2017-09-20 21:21:18 Err chlog.go.83 抓取图片 http://ws3.sinaimg.cn/large/006c7Paely1fjqbf4i97kg308w05016q.gif 成功
2017-09-20 21:21:18 Err chlog.go.83 抓取图片 http://wx2.sinaimg.cn/large/752a0957ly1fjqbb2d29hj20dw0irtam.jpg 成功
2017-09-20 21:21:18 Err chlog.go.83 抓取图片 http://wx2.sinaimg.cn/large/752a0957ly1fjqbafr8fyj20zk0np7at.jpg 成功
2017-09-20 21:21:18 Err chlog.go.83 抓取图片 http://wx4.sinaimg.cn/large/752a0957ly1fjqba5zlvij20jg0ob773.jpg 成功
2017-09-20 21:21:18 Err chlog.go.83 抓取图片 http://ws3.sinaimg.cn/large/006xa2u9gy1fjqb3bmrfrj30hs0np77b.jpg 成功
2017-09-20 21:21:18 Err chlog.go.83 抓取图片 http://ws3.sinaimg.cn/large/006c7Paely1fjqbf4i97kg308w05016q.gif 成功
2017-09-20 21:21:18 Err chlog.go.83 抓取图片 http://wx2.sinaimg.cn/large/752a0957ly1fjqbb2d29hj20dw0irtam.jpg 成功
2017-09-20 21:21:18 Err chlog.go.83 抓取图片 http://wx2.sinaimg.cn/large/752a0957ly1fjqbafr8fyj20zk0np7at.jpg 成功
2017-09-20 21:21:18 Err chlog.go.83 抓取图片 http://wx4.sinaimg.cn/large/752a0957ly1fjqba5zlvij20jg0ob773.jpg 成功
2017-09-20 21:21:18 Err chlog.go.83 抓取图片 http://ws3.sinaimg.cn/large/006xa2u9gy1fjqb3bmrfrj30hs0np77b.jpg 成功
2017-09-20 21:21:19 Err chlog.go.83 抓取图片 http://ws3.sinaimg.cn/large/006c7Paely1fjqbf4i97kg308w05016q.gif 成功
2017-09-20 21:21:19 Err chlog.go.83 抓取图片 http://wx2.sinaimg.cn/large/752a0957ly1fjqbb2d29hj20dw0irtam.jpg 成功
2017-09-20 21:21:19 Err chlog.go.83 抓取图片 http://wx2.sinaimg.cn/large/752a0957ly1fjqbafr8fyj20zk0np7at.jpg 成功
2017-09-20 21:21:19 Err chlog.go.83 抓取图片 http://wx4.sinaimg.cn/large/752a0957ly1fjqba5zlvij20jg0ob773.jpg 成功
2017-09-20 21:21:19 Err chlog.go.83 抓取图片 http://ws3.sinaimg.cn/large/006xa2u9gy1fjqb3bmrfrj30hs0np77b.jpg 成功
2017-09-20 21:21:19 Err chlog.go.83 抓取图片 http://ws3.sinaimg.cn/large/006c7Paely1fjqbf4i97kg308w05016q.gif 成功
2017-09-20 21:21:19 Err chlog.go.83 抓取图片 http://wx2.sinaimg.cn/large/752a0957ly1fjqbb2d29hj20dw0irtam.jpg 成功
2017-09-20 21:21:19 Err chlog.go.83 抓取图片 http://wx2.sinaimg.cn/large/752a0957ly1fjqbafr8fyj20zk0np7at.jpg 成功
2017-09-20 21:21:19 Err chlog.go.83 抓取图片 http://wx4.sinaimg.cn/large/752a0957ly1fjqba5zlvij20jg0ob773.jpg 成功
2017-09-20 21:21:19 Err chlog.go.83 抓取图片 http://ws3.sinaimg.cn/large/006xa2u9gy1fjqb3bmrfrj30hs0np77b.jpg 成功
2017-09-20 21:21:20 Err chlog.go.83 抓取图片 http://ws3.sinaimg.cn/large/006c7Paely1fjqbf4i97kg308w05016q.gif 成功
2017-09-20 21:21:20 Err chlog.go.83 抓取图片 http://wx2.sinaimg.cn/large/752a0957ly1fjqbb2d29hj20dw0irtam.jpg 成功
2017-09-20 21:21:20 Err chlog.go.83 抓取图片 http://wx2.sinaimg.cn/large/752a0957ly1fjqbafr8fyj20zk0np7at.jpg 成功
2017-09-20 21:21:20 Err chlog.go.83 抓取图片 http://wx4.sinaimg.cn/large/752a0957ly1fjqba5zlvij20jg0ob773.jpg 成功
2017-09-20 21:21:20 Err chlog.go.83 抓取图片 http://ws3.sinaimg.cn/large/006xa2u9gy1fjqb3bmrfrj30hs0np77b.jpg 成功
2017-09-20 21:21:20 Err chlog.go.83 抓取图片 http://ws3.sinaimg.cn/large/006c7Paely1fjqbf4i97kg308w05016q.gif 成功
2017-09-20 21:21:20 Err chlog.go.83 抓取图片 http://wx2.sinaimg.cn/large/752a0957ly1fjqbb2d29hj20dw0irtam.jpg 成功
2017-09-20 21:21:20 Err chlog.go.83 抓取图片 http://wx2.sinaimg.cn/large/752a0957ly1fjqbafr8fyj20zk0np7at.jpg 成功
2017-09-20 21:21:20 Err chlog.go.83 抓取图片 http://wx4.sinaimg.cn/large/752a0957ly1fjqba5zlvij20jg0ob773.jpg 成功
2017-09-20 21:21:20 Err chlog.go.83 抓取图片 http://ws3.sinaimg.cn/large/006xa2u9gy1fjqb3bmrfrj30hs0np77b.jpg 成功
2017-09-20 21:21:20 Err chlog.go.83 抓取图片 http://ws3.sinaimg.cn/large/006c7Paely1fjqbf4i97kg308w05016q.gif 成功
2017-09-20 21:21:20 Err chlog.go.83 抓取图片 http://wx2.sinaimg.cn/large/752a0957ly1fjqbb2d29hj20dw0irtam.jpg 成功
2017-09-20 21:21:21 Err chlog.go.83 抓取图片 http://wx2.sinaimg.cn/large/752a0957ly1fjqbafr8fyj20zk0np7at.jpg 成功
2017-09-20 21:21:21 Err chlog.go.83 抓取图片 http://wx4.sinaimg.cn/large/752a0957ly1fjqba5zlvij20jg0ob773.jpg 成功
2017-09-20 21:21:21 Err chlog.go.83 抓取图片 http://ws3.sinaimg.cn/large/006xa2u9gy1fjqb3bmrfrj30hs0np77b.jpg 成功
2017-09-20 21:21:21 Err chlog.go.83 抓取图片 http://ws3.sinaimg.cn/large/006c7Paely1fjqbf4i97kg308w05016q.gif 成功
2017-09-20 21:21:21 Err chlog.go.83 抓取图片 http://wx2.sinaimg.cn/large/752a0957ly1fjqbb2d29hj20dw0irtam.jpg 成功
2017-09-20 21:21:21 Err chlog.go.83 抓取图片 http://wx2.sinaimg.cn/large/752a0957ly1fjqbafr8fyj20zk0np7at.jpg 成功
2017-09-20 21:21:21 Err chlog.go.83 抓取图片 http://wx4.sinaimg.cn/large/752a0957ly1fjqba5zlvij20jg0ob773.jpg 成功
2017-09-20 21:21:21 Err chlog.go.83 抓取图片 http://ws3.sinaimg.cn/large/006xa2u9gy1fjqb3bmrfrj30hs0np77b.jpg 成功
2017-09-20 21:21:21 Err chlog.go.83 抓取图片 http://ws3.sinaimg.cn/large/006c7Paely1fjqbf4i97kg308w05016q.gif 成功
2017-09-20 21:21:21 Err chlog.go.83 抓取图片 http://wx2.sinaimg.cn/large/752a0957ly1fjqbb2d29hj20dw0irtam.jpg 成功
2017-09-20 21:21:21 Err chlog.go.83 抓取图片 http://wx2.sinaimg.cn/large/752a0957ly1fjqbafr8fyj20zk0np7at.jpg 成功
2017-09-20 21:21:21 Err chlog.go.83 抓取图片 http://wx4.sinaimg.cn/large/752a0957ly1fjqba5zlvij20jg0ob773.jpg 成功
2017-09-20 21:21:21 Err chlog.go.83 抓取图片 http://ws3.sinaimg.cn/large/006xa2u9gy1fjqb3bmrfrj30hs0np77b.jpg 成功
2017-09-20 21:21:22 Err chlog.go.83 抓取图片 http://ws3.sinaimg.cn/large/006c7Paely1fjqbf4i97kg308w05016q.gif 成功
2017-09-20 21:21:22 Err chlog.go.83 抓取图片 http://wx2.sinaimg.cn/large/752a0957ly1fjqbb2d29hj20dw0irtam.jpg 成功
2017-09-20 21:21:22 Err chlog.go.83 抓取图片 http://wx2.sinaimg.cn/large/752a0957ly1fjqbafr8fyj20zk0np7at.jpg 成功
2017-09-20 21:21:22 Err chlog.go.83 抓取图片 http://wx4.sinaimg.cn/large/752a0957ly1fjqba5zlvij20jg0ob773.jpg 成功
2017-09-20 21:21:22 Err chlog.go.83 抓取图片 http://ws3.sinaimg.cn/large/006xa2u9gy1fjqb3bmrfrj30hs0np77b.jpg 成功
2017-09-20 21:21:22 Err chlog.go.83 抓取图片 http://ws3.sinaimg.cn/large/006c7Paely1fjqbf4i97kg308w05016q.gif 成功
2017-09-20 21:21:22 Err chlog.go.83 抓取图片 http://wx2.sinaimg.cn/large/752a0957ly1fjqbb2d29hj20dw0irtam.jpg 成功
2017-09-20 21:21:22 Err chlog.go.83 抓取图片 http://wx2.sinaimg.cn/large/752a0957ly1fjqbafr8fyj20zk0np7at.jpg 成功
2017-09-20 21:21:22 Err chlog.go.83 抓取图片 http://wx4.sinaimg.cn/large/752a0957ly1fjqba5zlvij20jg0ob773.jpg 成功
2017-09-20 21:21:22 Err chlog.go.83 抓取图片 http://ws3.sinaimg.cn/large/006xa2u9gy1fjqb3bmrfrj30hs0np77b.jpg 成功
2017-09-20 21:21:23 Err chlog.go.83 抓取图片 http://ws3.sinaimg.cn/large/006c7Paely1fjqbf4i97kg308w05016q.gif 成功
2017-09-20 21:21:23 Err chlog.go.83 抓取图片 http://wx2.sinaimg.cn/large/752a0957ly1fjqbb2d29hj20dw0irtam.jpg 成功
2017-09-20 21:21:23 Err chlog.go.83 抓取图片 http://wx2.sinaimg.cn/large/752a0957ly1fjqbafr8fyj20zk0np7at.jpg 成功
2017-09-20 21:21:23 Err chlog.go.83 抓取图片 http://wx4.sinaimg.cn/large/752a0957ly1fjqba5zlvij20jg0ob773.jpg 成功
2017-09-20 21:21:23 Err chlog.go.83 抓取图片 http://ws3.sinaimg.cn/large/006xa2u9gy1fjqb3bmrfrj30hs0np77b.jpg 成功
2017-09-20 21:21:23 Err chlog.go.83 抓取图片 http://ws3.sinaimg.cn/large/006c7Paely1fjqbf4i97kg308w05016q.gif 成功
2017-09-20 21:21:23 Err chlog.go.83 抓取图片 http://wx2.sinaimg.cn/large/752a0957ly1fjqbb2d29hj20dw0irtam.jpg 成功
2017-09-20 21:21:23 Err chlog.go.83 抓取图片 http://wx2.sinaimg.cn/large/752a0957ly1fjqbafr8fyj20zk0np7at.jpg 成功
2017-09-20 21:21:23 Err chlog.go.83 抓取图片 http://wx4.sinaimg.cn/large/752a0957ly1fjqba5zlvij20jg0ob773.jpg 成功
2017-09-20 21:21:23 Err chlog.go.83 抓取图片 http://ws3.sinaimg.cn/large/006xa2u9gy1fjqb3bmrfrj30hs0np77b.jpg 成功
2017-09-20 21:21:23 Err chlog.go.83 抓取图片 http://ws3.sinaimg.cn/large/006c7Paely1fjqbf4i97kg308w05016q.gif 成功
2017-09-20 21:21:23 Err chlog.go.83 抓取图片 http://wx2.sinaimg.cn/large/752a0957ly1fjqbb2d29hj20dw0irtam.jpg 成功
2017-09-20 21:21:24 Err chlog.go.83 抓取图片 http://wx2.sinaimg.cn/large/752a0957ly1fjqbafr8fyj20zk0np7at.jpg 成功
2017-09-20 21:21:24 Err chlog.go.83 抓取图片 http://wx4.sinaimg.cn/large/752a0957ly1fjqba5zlvij20jg0ob773.jpg 成功
2017-09-20 21:21:24 Err chlog.go.83 抓取图片 http://ws3.sinaimg.cn/large/006xa2u9gy1fjqb3bmrfrj30hs0np77b.jpg 成功
2017-09-20 21:21:24 Err chlog.go.83 抓取图片 http://ws3.sinaimg.cn/large/006c7Paely1fjqbf4i97kg308w05016q.gif 成功
2017-09-20 21:21:24 Err chlog.go.83 抓取图片 http://wx2.sinaimg.cn/large/752a0957ly1fjqbb2d29hj20dw0irtam.jpg 成功
2017-09-20 21:21:24 Err chlog.go.83 抓取图片 http://wx2.sinaimg.cn/large/752a0957ly1fjqbafr8fyj20zk0np7at.jpg 成功
2017-09-20 21:21:24 Err chlog.go.83 抓取图片 http://wx4.sinaimg.cn/large/752a0957ly1fjqba5zlvij20jg0ob773.jpg 成功
2017-09-20 21:21:24 Err chlog.go.83 抓取图片 http://ws3.sinaimg.cn/large/006xa2u9gy1fjqb3bmrfrj30hs0np77b.jpg 成功
2017-09-20 21:21:24 Err chlog.go.83 抓取图片 http://ws3.sinaimg.cn/large/006c7Paely1fjqbf4i97kg308w05016q.gif 成功
2017-09-20 21:21:24 Err chlog.go.83 抓取图片 http://wx2.sinaimg.cn/large/752a0957ly1fjqbb2d29hj20dw0irtam.jpg 成功
2017-09-20 21:21:24 Err chlog.go.83 抓取图片 http://wx2.sinaimg.cn/large/752a0957ly1fjqbafr8fyj20zk0np7at.jpg 成功
2017-09-20 21:21:24 Err chlog.go.83 抓取图片 http://wx4.sinaimg.cn/large/752a0957ly1fjqba5zlvij20jg0ob773.jpg 成功
2017-09-20 21:21:24 Err chlog.go.83 抓取图片 http://ws3.sinaimg.cn/large/006xa2u9gy1fjqb3bmrfrj30hs0np77b.jpg 成功
2017-09-20 21:21:25 Err chlog.go.83 抓取图片 http://ws3.sinaimg.cn/large/006c7Paely1fjqbf4i97kg308w05016q.gif 成功
2017-09-20 21:21:25 Err chlog.go.83 抓取图片 http://wx2.sinaimg.cn/large/752a0957ly1fjqbb2d29hj20dw0irtam.jpg 成功
2017-09-20 21:21:25 Err chlog.go.83 抓取图片 http://wx2.sinaimg.cn/large/752a0957ly1fjqbafr8fyj20zk0np7at.jpg 成功
2017-09-20 21:21:25 Err chlog.go.83 抓取图片 http://wx4.sinaimg.cn/large/752a0957ly1fjqba5zlvij20jg0ob773.jpg 成功
2017-09-20 21:21:25 Err chlog.go.83 抓取图片 http://ws3.sinaimg.cn/large/006xa2u9gy1fjqb3bmrfrj30hs0np77b.jpg 成功
2017-09-20 21:21:25 Err chlog.go.83 抓取图片 http://ws3.sinaimg.cn/large/006c7Paely1fjqbf4i97kg308w05016q.gif 成功
2017-09-20 21:21:25 Err chlog.go.83 抓取图片 http://wx2.sinaimg.cn/large/752a0957ly1fjqbb2d29hj20dw0irtam.jpg 成功
2017-09-20 21:21:25 Err chlog.go.83 抓取图片 http://wx2.sinaimg.cn/large/752a0957ly1fjqbafr8fyj20zk0np7at.jpg 成功
2017-09-20 21:21:25 Err chlog.go.83 抓取图片 http://wx4.sinaimg.cn/large/752a0957ly1fjqba5zlvij20jg0ob773.jpg 成功
2017-09-20 21:21:25 Err chlog.go.83 抓取图片 http://ws3.sinaimg.cn/large/006xa2u9gy1fjqb3bmrfrj30hs0np77b.jpg 成功
2017-09-20 21:21:26 Err chlog.go.83 抓取图片 http://ws3.sinaimg.cn/large/006c7Paely1fjqbf4i97kg308w05016q.gif 成功
2017-09-20 21:21:26 Err chlog.go.83 抓取图片 http://wx2.sinaimg.cn/large/752a0957ly1fjqbb2d29hj20dw0irtam.jpg 成功
2017-09-20 21:21:26 Err chlog.go.83 抓取图片 http://wx2.sinaimg.cn/large/752a0957ly1fjqbafr8fyj20zk0np7at.jpg 成功
2017-09-20 21:21:26 Err chlog.go.83 抓取图片 http://wx4.sinaimg.cn/large/752a0957ly1fjqba5zlvij20jg0ob773.jpg 成功
2017-09-20 21:21:26 Err chlog.go.83 抓取图片 http://ws3.sinaimg.cn/large/006xa2u9gy1fjqb3bmrfrj30hs0np77b.jpg 成功
2017-09-20 21:21:26 Err chlog.go.83 抓取图片 http://ws3.sinaimg.cn/large/006c7Paely1fjqbf4i97kg308w05016q.gif 成功
2017-09-20 21:21:26 Err chlog.go.83 抓取图片 http://wx2.sinaimg.cn/large/752a0957ly1fjqbb2d29hj20dw0irtam.jpg 成功
2017-09-20 21:21:26 Err chlog.go.83 抓取图片 http://wx2.sinaimg.cn/large/752a0957ly1fjqbafr8fyj20zk0np7at.jpg 成功
2017-09-20 21:21:26 Err chlog.go.83 抓取图片 http://wx4.sinaimg.cn/large/752a0957ly1fjqba5zlvij20jg0ob773.jpg 成功
2017-09-20 21:21:26 Err chlog.go.83 抓取图片 http://ws3.sinaimg.cn/large/006xa2u9gy1fjqb3bmrfrj30hs0np77b.jpg 成功
2017-09-20 21:21:27 Err chlog.go.83 抓取图片 http://ws3.sinaimg.cn/large/006c7Paely1fjqbf4i97kg308w05016q.gif 成功
2017-09-20 21:21:27 Err chlog.go.83 抓取图片 http://wx2.sinaimg.cn/large/752a0957ly1fjqbb2d29hj20dw0irtam.jpg 成功
2017-09-20 21:21:27 Err chlog.go.83 抓取图片 http://wx2.sinaimg.cn/large/752a0957ly1fjqbafr8fyj20zk0np7at.jpg 成功
2017-09-20 21:21:27 Err chlog.go.83 抓取图片 http://wx4.sinaimg.cn/large/752a0957ly1fjqba5zlvij20jg0ob773.jpg 成功
2017-09-20 21:21:27 Err chlog.go.83 抓取图片 http://ws3.sinaimg.cn/large/006xa2u9gy1fjqb3bmrfrj30hs0np77b.jpg 成功
2017-09-20 21:21:27 Err chlog.go.83 抓取图片 http://ws3.sinaimg.cn/large/006c7Paely1fjqbf4i97kg308w05016q.gif 成功
2017-09-20 21:21:27 Err chlog.go.83 抓取图片 http://wx2.sinaimg.cn/large/752a0957ly1fjqbb2d29hj20dw0irtam.jpg 成功
2017-09-20 21:21:27 Err chlog.go.83 抓取图片 http://wx2.sinaimg.cn/large/752a0957ly1fjqbafr8fyj20zk0np7at.jpg 成功
2017-09-20 21:21:27 Err chlog.go.83 抓取图片 http://wx4.sinaimg.cn/large/752a0957ly1fjqba5zlvij20jg0ob773.jpg 成功
2017-09-20 21:21:27 Err chlog.go.83 抓取图片 http://ws3.sinaimg.cn/large/006xa2u9gy1fjqb3bmrfrj30hs0np77b.jpg 成功
2017-09-20 21:21:27 Err chlog.go.83 抓取图片 http://ws3.sinaimg.cn/large/006c7Paely1fjqbf4i97kg308w05016q.gif 成功
2017-09-20 21:21:27 Err chlog.go.83 抓取图片 http://wx2.sinaimg.cn/large/752a0957ly1fjqbb2d29hj20dw0irtam.jpg 成功
2017-09-20 21:21:27 Err chlog.go.83 抓取图片 http://wx2.sinaimg.cn/large/752a0957ly1fjqbafr8fyj20zk0np7at.jpg 成功
2017-09-20 21:21:27 Err chlog.go.83 抓取图片 http://wx4.sinaimg.cn/large/752a0957ly1fjqba5zlvij20jg0ob773.jpg 成功
2017-09-20 21:21:27 Err chlog.go.83 抓取图片 http://ws3.sinaimg.cn/large/006xa2u9gy1fjqb3bmrfrj30hs0np77b.jpg 成功
2017-09-20 21:21:28 Err chlog.go.83 抓取图片 http://ws3.sinaimg.cn/large/006c7Paely1fjqbf4i97kg308w05016q.gif 成功
2017-09-20 21:21:28 Err chlog.go.83 抓取图片 http://wx2.sinaimg.cn/large/752a0957ly1fjqbb2d29hj20dw0irtam.jpg 成功
2017-09-20 21:21:28 Err chlog.go.83 抓取图片 http://wx2.sinaimg.cn/large/752a0957ly1fjqbafr8fyj20zk0np7at.jpg 成功
2017-09-20 21:21:28 Err chlog.go.83 抓取图片 http://wx4.sinaimg.cn/large/752a0957ly1fjqba5zlvij20jg0ob773.jpg 成功
2017-09-20 21:21:28 Err chlog.go.83 抓取图片 http://ws3.sinaimg.cn/large/006xa2u9gy1fjqb3bmrfrj30hs0np77b.jpg 成功
2017-09-20 21:21:28 Err chlog.go.83 抓取图片 http://ws3.sinaimg.cn/large/006c7Paely1fjqbf4i97kg308w05016q.gif 成功
2017-09-20 21:21:28 Err chlog.go.83 抓取图片 http://wx2.sinaimg.cn/large/752a0957ly1fjqbb2d29hj20dw0irtam.jpg 成功
2017-09-20 21:21:28 Err chlog.go.83 抓取图片 http://wx2.sinaimg.cn/large/752a0957ly1fjqbafr8fyj20zk0np7at.jpg 成功
2017-09-20 21:21:28 Err chlog.go.83 抓取图片 http://wx4.sinaimg.cn/large/752a0957ly1fjqba5zlvij20jg0ob773.jpg 成功
2017-09-20 21:21:28 Err chlog.go.83 抓取图片 http://ws3.sinaimg.cn/large/006xa2u9gy1fjqb3bmrfrj30hs0np77b.jpg 成功
2017-09-20 21:21:29 Err chlog.go.83 抓取图片 http://ws3.sinaimg.cn/large/006c7Paely1fjqbf4i97kg308w05016q.gif 成功
2017-09-20 21:21:29 Err chlog.go.83 抓取图片 http://wx2.sinaimg.cn/large/752a0957ly1fjqbb2d29hj20dw0irtam.jpg 成功
2017-09-20 21:21:29 Err chlog.go.83 抓取图片 http://wx2.sinaimg.cn/large/752a0957ly1fjqbafr8fyj20zk0np7at.jpg 成功
2017-09-20 21:21:29 Err chlog.go.83 抓取图片 http://wx4.sinaimg.cn/large/752a0957ly1fjqba5zlvij20jg0ob773.jpg 成功
2017-09-20 21:21:29 Err chlog.go.83 抓取图片 http://ws3.sinaimg.cn/large/006xa2u9gy1fjqb3bmrfrj30hs0np77b.jpg 成功
2017-09-20 21:21:29 Err chlog.go.83 抓取图片 http://ws3.sinaimg.cn/large/006c7Paely1fjqbf4i97kg308w05016q.gif 成功
2017-09-20 21:21:29 Err chlog.go.83 抓取图片 http://wx2.sinaimg.cn/large/752a0957ly1fjqbb2d29hj20dw0irtam.jpg 成功
2017-09-20 21:21:29 Err chlog.go.83 抓取图片 http://wx2.sinaimg.cn/large/752a0957ly1fjqbafr8fyj20zk0np7at.jpg 成功
2017-09-20 21:21:29 Err chlog.go.83 抓取图片 http://wx4.sinaimg.cn/large/752a0957ly1fjqba5zlvij20jg0ob773.jpg 成功
2017-09-20 21:21:29 Err chlog.go.83 抓取图片 http://ws3.sinaimg.cn/large/006xa2u9gy1fjqb3bmrfrj30hs0np77b.jpg 成功
2017-09-20 21:21:30 Err chlog.go.83 抓取图片 http://ws3.sinaimg.cn/large/006c7Paely1fjqbf4i97kg308w05016q.gif 成功
2017-09-20 21:21:30 Err chlog.go.83 抓取图片 http://wx2.sinaimg.cn/large/752a0957ly1fjqbb2d29hj20dw0irtam.jpg 成功
2017-09-20 21:21:30 Err chlog.go.83 抓取图片 http://wx2.sinaimg.cn/large/752a0957ly1fjqbafr8fyj20zk0np7at.jpg 成功
2017-09-20 21:21:30 Err chlog.go.83 抓取图片 http://wx4.sinaimg.cn/large/752a0957ly1fjqba5zlvij20jg0ob773.jpg 成功
2017-09-20 21:21:30 Err chlog.go.83 抓取图片 http://ws3.sinaimg.cn/large/006xa2u9gy1fjqb3bmrfrj30hs0np77b.jpg 成功
2017-09-20 21:21:30 Err chlog.go.83 抓取图片 http://ws3.sinaimg.cn/large/006c7Paely1fjqbf4i97kg308w05016q.gif 成功
2017-09-20 21:21:30 Err chlog.go.83 抓取图片 http://wx2.sinaimg.cn/large/752a0957ly1fjqbb2d29hj20dw0irtam.jpg 成功
2017-09-20 21:21:30 Err chlog.go.83 抓取图片 http://wx2.sinaimg.cn/large/752a0957ly1fjqbafr8fyj20zk0np7at.jpg 成功
2017-09-20 21:21:30 Err chlog.go.83 抓取图片 http://wx4.sinaimg.cn/large/752a0957ly1fjqba5zlvij20jg0ob773.jpg 成功
2017-09-20 21:21:30 Err chlog.go.83 抓取图片 http://ws3.sinaimg.cn/large/006xa2u9gy1fjqb3bmrfrj30hs0np77b.jpg 成功
2017-09-20 21:21:30 Err chlog.go.83 抓取图片 http://ws3.sinaimg.cn/large/006c7Paely1fjqbf4i97kg308w05016q.gif 成功
2017-09-20 21:21:30 Err chlog.go.83 抓取图片 http://wx2.sinaimg.cn/large/752a0957ly1fjqbb2d29hj20dw0irtam.jpg 成功
2017-09-20 21:21:31 Err chlog.go.83 抓取图片 http://wx2.sinaimg.cn/large/752a0957ly1fjqbafr8fyj20zk0np7at.jpg 成功
2017-09-20 21:21:31 Err chlog.go.83 抓取图片 http://wx4.sinaimg.cn/large/752a0957ly1fjqba5zlvij20jg0ob773.jpg 成功
2017-09-20 21:21:31 Err chlog.go.83 抓取图片 http://ws3.sinaimg.cn/large/006xa2u9gy1fjqb3bmrfrj30hs0np77b.jpg 成功
2017-09-20 21:21:31 Err chlog.go.83 抓取图片 http://ws3.sinaimg.cn/large/006c7Paely1fjqbf4i97kg308w05016q.gif 成功
2017-09-20 21:21:31 Err chlog.go.83 抓取图片 http://wx2.sinaimg.cn/large/752a0957ly1fjqbb2d29hj20dw0irtam.jpg 成功
2017-09-20 21:21:31 Err chlog.go.83 抓取图片 http://wx2.sinaimg.cn/large/752a0957ly1fjqbafr8fyj20zk0np7at.jpg 成功
2017-09-20 21:21:31 Err chlog.go.83 抓取图片 http://wx4.sinaimg.cn/large/752a0957ly1fjqba5zlvij20jg0ob773.jpg 成功
2017-09-20 21:21:31 Err chlog.go.83 抓取图片 http://ws3.sinaimg.cn/large/006xa2u9gy1fjqb3bmrfrj30hs0np77b.jpg 成功
2017-09-20 21:21:31 Err chlog.go.83 抓取图片 http://ws3.sinaimg.cn/large/006c7Paely1fjqbf4i97kg308w05016q.gif 成功
2017-09-20 21:21:31 Err chlog.go.83 抓取图片 http://wx2.sinaimg.cn/large/752a0957ly1fjqbb2d29hj20dw0irtam.jpg 成功
2017-09-20 21:21:31 Err chlog.go.83 抓取图片 http://wx2.sinaimg.cn/large/752a0957ly1fjqbafr8fyj20zk0np7at.jpg 成功
2017-09-20 21:21:31 Err chlog.go.83 抓取图片 http://wx4.sinaimg.cn/large/752a0957ly1fjqba5zlvij20jg0ob773.jpg 成功
2017-09-20 21:21:31 Err chlog.go.83 抓取图片 http://ws3.sinaimg.cn/large/006xa2u9gy1fjqb3bmrfrj30hs0np77b.jpg 成功
2017-09-20 21:21:32 Err chlog.go.83 抓取图片 http://ws3.sinaimg.cn/large/006c7Paely1fjqbf4i97kg308w05016q.gif 成功
2017-09-20 21:21:32 Err chlog.go.83 抓取图片 http://wx2.sinaimg.cn/large/752a0957ly1fjqbb2d29hj20dw0irtam.jpg 成功
2017-09-20 21:21:32 Err chlog.go.83 抓取图片 http://wx2.sinaimg.cn/large/752a0957ly1fjqbafr8fyj20zk0np7at.jpg 成功
2017-09-20 21:21:32 Err chlog.go.83 抓取图片 http://wx4.sinaimg.cn/large/752a0957ly1fjqba5zlvij20jg0ob773.jpg 成功
2017-09-20 21:21:32 Err chlog.go.83 抓取图片 http://ws3.sinaimg.cn/large/006xa2u9gy1fjqb3bmrfrj30hs0np77b.jpg 成功
2017-09-20 21:21:32 Err chlog.go.83 抓取图片 http://ws3.sinaimg.cn/large/006c7Paely1fjqbf4i97kg308w05016q.gif 成功
2017-09-20 21:21:32 Err chlog.go.83 抓取图片 http://wx2.sinaimg.cn/large/752a0957ly1fjqbb2d29hj20dw0irtam.jpg 成功
2017-09-20 21:21:32 Err chlog.go.83 抓取图片 http://wx2.sinaimg.cn/large/752a0957ly1fjqbafr8fyj20zk0np7at.jpg 成功
2017-09-20 21:21:32 Err chlog.go.83 抓取图片 http://wx4.sinaimg.cn/large/752a0957ly1fjqba5zlvij20jg0ob773.jpg 成功
2017-09-20 21:21:32 Err chlog.go.83 抓取图片 http://ws3.sinaimg.cn/large/006xa2u9gy1fjqb3bmrfrj30hs0np77b.jpg 成功
2017-09-20 21:21:33 Err chlog.go.83 抓取图片 http://ws3.sinaimg.cn/large/006c7Paely1fjqbf4i97kg308w05016q.gif 成功
2017-09-20 21:21:33 Err chlog.go.83 抓取图片 http://wx2.sinaimg.cn/large/752a0957ly1fjqbb2d29hj20dw0irtam.jpg 成功
2017-09-20 21:21:33 Err chlog.go.83 抓取图片 http://wx2.sinaimg.cn/large/752a0957ly1fjqbafr8fyj20zk0np7at.jpg 成功
2017-09-20 21:21:33 Err chlog.go.83 抓取图片 http://wx4.sinaimg.cn/large/752a0957ly1fjqba5zlvij20jg0ob773.jpg 成功
2017-09-20 21:21:33 Err chlog.go.83 抓取图片 http://ws3.sinaimg.cn/large/006xa2u9gy1fjqb3bmrfrj30hs0np77b.jpg 成功
2017-09-20 21:21:33 Err chlog.go.83 抓取图片 http://ws3.sinaimg.cn/large/006c7Paely1fjqbf4i97kg308w05016q.gif 成功
2017-09-20 21:21:33 Err chlog.go.83 抓取图片 http://wx2.sinaimg.cn/large/752a0957ly1fjqbb2d29hj20dw0irtam.jpg 成功
2017-09-20 21:21:33 Err chlog.go.83 抓取图片 http://wx2.sinaimg.cn/large/752a0957ly1fjqbafr8fyj20zk0np7at.jpg 成功
2017-09-20 21:21:33 Err chlog.go.83 抓取图片 http://wx4.sinaimg.cn/large/752a0957ly1fjqba5zlvij20jg0ob773.jpg 成功
2017-09-20 21:21:33 Err chlog.go.83 抓取图片 http://ws3.sinaimg.cn/large/006xa2u9gy1fjqb3bmrfrj30hs0np77b.jpg 成功
2017-09-20 21:21:33 Err chlog.go.83 抓取图片 http://ws3.sinaimg.cn/large/006c7Paely1fjqbf4i97kg308w05016q.gif 成功
2017-09-20 21:21:33 Err chlog.go.83 抓取图片 http://wx2.sinaimg.cn/large/752a0957ly1fjqbb2d29hj20dw0irtam.jpg 成功
2017-09-20 21:21:34 Err chlog.go.83 抓取图片 http://wx2.sinaimg.cn/large/752a0957ly1fjqbafr8fyj20zk0np7at.jpg 成功
2017-09-20 21:21:34 Err chlog.go.83 抓取图片 http://wx4.sinaimg.cn/large/752a0957ly1fjqba5zlvij20jg0ob773.jpg 成功
2017-09-20 21:21:34 Err chlog.go.83 抓取图片 http://ws3.sinaimg.cn/large/006xa2u9gy1fjqb3bmrfrj30hs0np77b.jpg 成功
2017-09-20 21:21:34 Err chlog.go.83 抓取图片 http://ws3.sinaimg.cn/large/006c7Paely1fjqbf4i97kg308w05016q.gif 成功
2017-09-20 21:21:34 Err chlog.go.83 抓取图片 http://wx2.sinaimg.cn/large/752a0957ly1fjqbb2d29hj20dw0irtam.jpg 成功
2017-09-20 21:21:34 Err chlog.go.83 抓取图片 http://wx2.sinaimg.cn/large/752a0957ly1fjqbafr8fyj20zk0np7at.jpg 成功
2017-09-20 21:21:34 Err chlog.go.83 抓取图片 http://wx4.sinaimg.cn/large/752a0957ly1fjqba5zlvij20jg0ob773.jpg 成功
2017-09-20 21:21:34 Err chlog.go.83 抓取图片 http://ws3.sinaimg.cn/large/006xa2u9gy1fjqb3bmrfrj30hs0np77b.jpg 成功
2017-09-20 21:21:34 Err chlog.go.83 抓取图片 http://ws3.sinaimg.cn/large/006c7Paely1fjqbf4i97kg308w05016q.gif 成功
2017-09-20 21:21:34 Err chlog.go.83 抓取图片 http://wx2.sinaimg.cn/large/752a0957ly1fjqbb2d29hj20dw0irtam.jpg 成功
2017-09-20 21:21:34 Err chlog.go.83 抓取图片 http://wx2.sinaimg.cn/large/752a0957ly1fjqbafr8fyj20zk0np7at.jpg 成功
2017-09-20 21:21:34 Err chlog.go.83 抓取图片 http://wx4.sinaimg.cn/large/752a0957ly1fjqba5zlvij20jg0ob773.jpg 成功
2017-09-20 21:21:34 Err chlog.go.83 抓取图片 http://ws3.sinaimg.cn/large/006xa2u9gy1fjqb3bmrfrj30hs0np77b.jpg 成功
2017-09-20 21:21:35 Err chlog.go.83 抓取图片 http://ws3.sinaimg.cn/large/006c7Paely1fjqbf4i97kg308w05016q.gif 成功
2017-09-20 21:21:35 Err chlog.go.83 抓取图片 http://wx2.sinaimg.cn/large/752a0957ly1fjqbb2d29hj20dw0irtam.jpg 成功
2017-09-20 21:21:35 Err chlog.go.83 抓取图片 http://wx2.sinaimg.cn/large/752a0957ly1fjqbafr8fyj20zk0np7at.jpg 成功
2017-09-20 21:21:35 Err chlog.go.83 抓取图片 http://wx4.sinaimg.cn/large/752a0957ly1fjqba5zlvij20jg0ob773.jpg 成功
2017-09-20 21:21:35 Err chlog.go.83 抓取图片 http://ws3.sinaimg.cn/large/006xa2u9gy1fjqb3bmrfrj30hs0np77b.jpg 成功
2017-09-20 21:21:35 Err chlog.go.83 抓取图片 http://ws3.sinaimg.cn/large/006c7Paely1fjqbf4i97kg308w05016q.gif 成功
2017-09-20 21:21:35 Err chlog.go.83 抓取图片 http://wx2.sinaimg.cn/large/752a0957ly1fjqbb2d29hj20dw0irtam.jpg 成功
2017-09-20 21:21:35 Err chlog.go.83 抓取图片 http://wx2.sinaimg.cn/large/752a0957ly1fjqbafr8fyj20zk0np7at.jpg 成功
2017-09-20 21:21:35 Err chlog.go.83 抓取图片 http://wx4.sinaimg.cn/large/752a0957ly1fjqba5zlvij20jg0ob773.jpg 成功
2017-09-20 21:21:35 Err chlog.go.83 抓取图片 http://ws3.sinaimg.cn/large/006xa2u9gy1fjqb3bmrfrj30hs0np77b.jpg 成功
2017-09-20 21:21:36 Err chlog.go.83 抓取图片 http://ws3.sinaimg.cn/large/006c7Paely1fjqbf4i97kg308w05016q.gif 成功
2017-09-20 21:21:36 Err chlog.go.83 抓取图片 http://wx2.sinaimg.cn/large/752a0957ly1fjqbb2d29hj20dw0irtam.jpg 成功
2017-09-20 21:21:36 Err chlog.go.83 抓取图片 http://wx2.sinaimg.cn/large/752a0957ly1fjqbafr8fyj20zk0np7at.jpg 成功
2017-09-20 21:21:36 Err chlog.go.83 抓取图片 http://wx4.sinaimg.cn/large/752a0957ly1fjqba5zlvij20jg0ob773.jpg 成功
2017-09-20 21:21:36 Err chlog.go.83 抓取图片 http://ws3.sinaimg.cn/large/006xa2u9gy1fjqb3bmrfrj30hs0np77b.jpg 成功
2017-09-20 21:21:36 Err chlog.go.83 抓取图片 http://ws3.sinaimg.cn/large/006c7Paely1fjqbf4i97kg308w05016q.gif 成功
2017-09-20 21:21:36 Err chlog.go.83 抓取图片 http://wx2.sinaimg.cn/large/752a0957ly1fjqbb2d29hj20dw0irtam.jpg 成功
2017-09-20 21:21:36 Err chlog.go.83 抓取图片 http://wx2.sinaimg.cn/large/752a0957ly1fjqbafr8fyj20zk0np7at.jpg 成功
2017-09-20 21:21:36 Err chlog.go.83 抓取图片 http://wx4.sinaimg.cn/large/752a0957ly1fjqba5zlvij20jg0ob773.jpg 成功
2017-09-20 21:21:36 Err chlog.go.83 抓取图片 http://ws3.sinaimg.cn/large/006xa2u9gy1fjqb3bmrfrj30hs0np77b.jpg 成功
2017-09-20 21:21:36 Err chlog.go.83 抓取图片 http://ws3.sinaimg.cn/large/006c7Paely1fjqbf4i97kg308w05016q.gif 成功
2017-09-20 21:21:37 Err chlog.go.83 抓取图片 http://wx2.sinaimg.cn/large/752a0957ly1fjqbb2d29hj20dw0irtam.jpg 成功
2017-09-20 21:21:37 Err chlog.go.83 抓取图片 http://wx2.sinaimg.cn/large/752a0957ly1fjqbafr8fyj20zk0np7at.jpg 成功
2017-09-20 21:21:37 Err chlog.go.83 抓取图片 http://wx4.sinaimg.cn/large/752a0957ly1fjqba5zlvij20jg0ob773.jpg 成功
2017-09-20 21:21:37 Err chlog.go.83 抓取图片 http://ws3.sinaimg.cn/large/006xa2u9gy1fjqb3bmrfrj30hs0np77b.jpg 成功
2017-09-20 21:21:37 Err chlog.go.83 抓取图片 http://ws3.sinaimg.cn/large/006c7Paely1fjqbf4i97kg308w05016q.gif 成功
2017-09-20 21:21:37 Err chlog.go.83 抓取图片 http://wx2.sinaimg.cn/large/752a0957ly1fjqbb2d29hj20dw0irtam.jpg 成功
2017-09-20 21:21:37 Err chlog.go.83 抓取图片 http://wx2.sinaimg.cn/large/752a0957ly1fjqbafr8fyj20zk0np7at.jpg 成功
2017-09-20 21:21:37 Err chlog.go.83 抓取图片 http://wx4.sinaimg.cn/large/752a0957ly1fjqba5zlvij20jg0ob773.jpg 成功
2017-09-20 21:21:37 Err chlog.go.83 抓取图片 http://ws3.sinaimg.cn/large/006xa2u9gy1fjqb3bmrfrj30hs0np77b.jpg 成功
2017-09-20 21:21:37 Err chlog.go.83 抓取图片 http://ws3.sinaimg.cn/large/006c7Paely1fjqbf4i97kg308w05016q.gif 成功
2017-09-20 21:21:37 Err chlog.go.83 抓取图片 http://wx2.sinaimg.cn/large/752a0957ly1fjqbb2d29hj20dw0irtam.jpg 成功
2017-09-20 21:21:37 Err chlog.go.83 抓取图片 http://wx2.sinaimg.cn/large/752a0957ly1fjqbafr8fyj20zk0np7at.jpg 成功
2017-09-20 21:21:37 Err chlog.go.83 抓取图片 http://wx4.sinaimg.cn/large/752a0957ly1fjqba5zlvij20jg0ob773.jpg 成功
2017-09-20 21:21:37 Err chlog.go.83 抓取图片 http://ws3.sinaimg.cn/large/006xa2u9gy1fjqb3bmrfrj30hs0np77b.jpg 成功
2017-09-20 21:21:38 Err chlog.go.83 抓取图片 http://ws3.sinaimg.cn/large/006c7Paely1fjqbf4i97kg308w05016q.gif 成功
2017-09-20 21:21:38 Err chlog.go.83 抓取图片 http://wx2.sinaimg.cn/large/752a0957ly1fjqbb2d29hj20dw0irtam.jpg 成功
2017-09-20 21:21:38 Err chlog.go.83 抓取图片 http://wx2.sinaimg.cn/large/752a0957ly1fjqbafr8fyj20zk0np7at.jpg 成功
2017-09-20 21:21:38 Err chlog.go.83 抓取图片 http://wx4.sinaimg.cn/large/752a0957ly1fjqba5zlvij20jg0ob773.jpg 成功
2017-09-20 21:21:38 Err chlog.go.83 抓取图片 http://ws3.sinaimg.cn/large/006xa2u9gy1fjqb3bmrfrj30hs0np77b.jpg 成功
2017-09-20 21:21:38 Err chlog.go.83 抓取图片 http://ws3.sinaimg.cn/large/006c7Paely1fjqbf4i97kg308w05016q.gif 成功
2017-09-20 21:21:38 Err chlog.go.83 抓取图片 http://wx2.sinaimg.cn/large/752a0957ly1fjqbb2d29hj20dw0irtam.jpg 成功
2017-09-20 21:21:38 Err chlog.go.83 抓取图片 http://wx2.sinaimg.cn/large/752a0957ly1fjqbafr8fyj20zk0np7at.jpg 成功
2017-09-20 21:21:38 Err chlog.go.83 抓取图片 http://wx4.sinaimg.cn/large/752a0957ly1fjqba5zlvij20jg0ob773.jpg 成功
2017-09-20 21:21:38 Err chlog.go.83 抓取图片 http://ws3.sinaimg.cn/large/006xa2u9gy1fjqb3bmrfrj30hs0np77b.jpg 成功
2017-09-20 21:21:39 Err chlog.go.83 抓取图片 http://ws3.sinaimg.cn/large/006c7Paely1fjqbf4i97kg308w05016q.gif 成功
2017-09-20 21:21:39 Err chlog.go.83 抓取图片 http://wx2.sinaimg.cn/large/752a0957ly1fjqbb2d29hj20dw0irtam.jpg 成功
2017-09-20 21:21:39 Err chlog.go.83 抓取图片 http://wx2.sinaimg.cn/large/752a0957ly1fjqbafr8fyj20zk0np7at.jpg 成功
2017-09-20 21:21:39 Err chlog.go.83 抓取图片 http://wx4.sinaimg.cn/large/752a0957ly1fjqba5zlvij20jg0ob773.jpg 成功
2017-09-20 21:21:39 Err chlog.go.83 抓取图片 http://ws3.sinaimg.cn/large/006xa2u9gy1fjqb3bmrfrj30hs0np77b.jpg 成功
2017-09-20 21:21:39 Err chlog.go.83 抓取图片 http://ws3.sinaimg.cn/large/006c7Paely1fjqbf4i97kg308w05016q.gif 成功
2017-09-20 21:21:39 Err chlog.go.83 抓取图片 http://wx2.sinaimg.cn/large/752a0957ly1fjqbb2d29hj20dw0irtam.jpg 成功
2017-09-20 21:21:39 Err chlog.go.83 抓取图片 http://wx2.sinaimg.cn/large/752a0957ly1fjqbafr8fyj20zk0np7at.jpg 成功
2017-09-20 21:21:39 Err chlog.go.83 抓取图片 http://wx4.sinaimg.cn/large/752a0957ly1fjqba5zlvij20jg0ob773.jpg 成功
2017-09-20 21:21:39 Err chlog.go.83 抓取图片 http://ws3.sinaimg.cn/large/006xa2u9gy1fjqb3bmrfrj30hs0np77b.jpg 成功
2017-09-20 21:21:40 Err chlog.go.83 抓取图片 http://ws3.sinaimg.cn/large/006c7Paely1fjqbf4i97kg308w05016q.gif 成功
2017-09-20 21:21:40 Err chlog.go.83 抓取图片 http://wx2.sinaimg.cn/large/752a0957ly1fjqbb2d29hj20dw0irtam.jpg 成功
2017-09-20 21:21:40 Err chlog.go.83 抓取图片 http://wx2.sinaimg.cn/large/752a0957ly1fjqbafr8fyj20zk0np7at.jpg 成功
2017-09-20 21:21:40 Err chlog.go.83 抓取图片 http://wx4.sinaimg.cn/large/752a0957ly1fjqba5zlvij20jg0ob773.jpg 成功
2017-09-20 21:21:40 Err chlog.go.83 抓取图片 http://ws3.sinaimg.cn/large/006xa2u9gy1fjqb3bmrfrj30hs0np77b.jpg 成功
2017-09-20 21:21:40 Err chlog.go.83 抓取图片 http://ws3.sinaimg.cn/large/006c7Paely1fjqbf4i97kg308w05016q.gif 成功
2017-09-20 21:21:40 Err chlog.go.83 抓取图片 http://wx2.sinaimg.cn/large/752a0957ly1fjqbb2d29hj20dw0irtam.jpg 成功
2017-09-20 21:21:40 Err chlog.go.83 抓取图片 http://wx2.sinaimg.cn/large/752a0957ly1fjqbafr8fyj20zk0np7at.jpg 成功
2017-09-20 21:21:40 Err chlog.go.83 抓取图片 http://wx4.sinaimg.cn/large/752a0957ly1fjqba5zlvij20jg0ob773.jpg 成功
2017-09-20 21:21:40 Err chlog.go.83 抓取图片 http://ws3.sinaimg.cn/large/006xa2u9gy1fjqb3bmrfrj30hs0np77b.jpg 成功
2017-09-20 21:21:40 Err chlog.go.83 抓取图片 http://ws3.sinaimg.cn/large/006c7Paely1fjqbf4i97kg308w05016q.gif 成功
2017-09-20 21:21:40 Err chlog.go.83 抓取图片 http://wx2.sinaimg.cn/large/752a0957ly1fjqbb2d29hj20dw0irtam.jpg 成功
2017-09-20 21:21:41 Err chlog.go.83 抓取图片 http://wx2.sinaimg.cn/large/752a0957ly1fjqbafr8fyj20zk0np7at.jpg 成功
2017-09-20 21:21:41 Err chlog.go.83 抓取图片 http://wx4.sinaimg.cn/large/752a0957ly1fjqba5zlvij20jg0ob773.jpg 成功
2017-09-20 21:21:41 Err chlog.go.83 抓取图片 http://ws3.sinaimg.cn/large/006xa2u9gy1fjqb3bmrfrj30hs0np77b.jpg 成功
2017-09-20 21:21:41 Err chlog.go.83 抓取图片 http://ws3.sinaimg.cn/large/006c7Paely1fjqbf4i97kg308w05016q.gif 成功
2017-09-20 21:21:41 Err chlog.go.83 抓取图片 http://wx2.sinaimg.cn/large/752a0957ly1fjqbb2d29hj20dw0irtam.jpg 成功
2017-09-20 21:21:41 Err chlog.go.83 抓取图片 http://wx2.sinaimg.cn/large/752a0957ly1fjqbafr8fyj20zk0np7at.jpg 成功
2017-09-20 21:21:41 Err chlog.go.83 抓取图片 http://wx4.sinaimg.cn/large/752a0957ly1fjqba5zlvij20jg0ob773.jpg 成功
2017-09-20 21:21:41 Err chlog.go.83 抓取图片 http://ws3.sinaimg.cn/large/006xa2u9gy1fjqb3bmrfrj30hs0np77b.jpg 成功
2017-09-20 21:21:41 Err chlog.go.83 抓取图片 http://ws3.sinaimg.cn/large/006c7Paely1fjqbf4i97kg308w05016q.gif 成功
2017-09-20 21:21:41 Err chlog.go.83 抓取图片 http://wx2.sinaimg.cn/large/752a0957ly1fjqbb2d29hj20dw0irtam.jpg 成功
2017-09-20 21:21:41 Err chlog.go.83 抓取图片 http://wx2.sinaimg.cn/large/752a0957ly1fjqbafr8fyj20zk0np7at.jpg 成功
2017-09-20 21:21:41 Err chlog.go.83 抓取图片 http://wx4.sinaimg.cn/large/752a0957ly1fjqba5zlvij20jg0ob773.jpg 成功
2017-09-20 21:21:41 Err chlog.go.83 抓取图片 http://ws3.sinaimg.cn/large/006xa2u9gy1fjqb3bmrfrj30hs0np77b.jpg 成功
2017-09-20 21:21:42 Err chlog.go.83 抓取图片 http://ws3.sinaimg.cn/large/006c7Paely1fjqbf4i97kg308w05016q.gif 成功
2017-09-20 21:21:42 Err chlog.go.83 抓取图片 http://wx2.sinaimg.cn/large/752a0957ly1fjqbb2d29hj20dw0irtam.jpg 成功
2017-09-20 21:21:42 Err chlog.go.83 抓取图片 http://wx2.sinaimg.cn/large/752a0957ly1fjqbafr8fyj20zk0np7at.jpg 成功
2017-09-20 21:21:42 Err chlog.go.83 抓取图片 http://wx4.sinaimg.cn/large/752a0957ly1fjqba5zlvij20jg0ob773.jpg 成功
2017-09-20 21:21:42 Err chlog.go.83 抓取图片 http://ws3.sinaimg.cn/large/006xa2u9gy1fjqb3bmrfrj30hs0np77b.jpg 成功
2017-09-20 21:21:42 Err chlog.go.83 抓取图片 http://ws3.sinaimg.cn/large/006c7Paely1fjqbf4i97kg308w05016q.gif 成功
2017-09-20 21:21:42 Err chlog.go.83 抓取图片 http://wx2.sinaimg.cn/large/752a0957ly1fjqbb2d29hj20dw0irtam.jpg 成功
2017-09-20 21:21:42 Err chlog.go.83 抓取图片 http://wx2.sinaimg.cn/large/752a0957ly1fjqbafr8fyj20zk0np7at.jpg 成功
2017-09-20 21:21:42 Err chlog.go.83 抓取图片 http://wx4.sinaimg.cn/large/752a0957ly1fjqba5zlvij20jg0ob773.jpg 成功
2017-09-20 21:21:42 Err chlog.go.83 抓取图片 http://ws3.sinaimg.cn/large/006xa2u9gy1fjqb3bmrfrj30hs0np77b.jpg 成功
2017-09-20 21:21:43 Err chlog.go.83 抓取图片 http://ws3.sinaimg.cn/large/006c7Paely1fjqbf4i97kg308w05016q.gif 成功
2017-09-20 21:21:43 Err chlog.go.83 抓取图片 http://wx2.sinaimg.cn/large/752a0957ly1fjqbb2d29hj20dw0irtam.jpg 成功
2017-09-20 21:21:43 Err chlog.go.83 抓取图片 http://wx2.sinaimg.cn/large/752a0957ly1fjqbafr8fyj20zk0np7at.jpg 成功
2017-09-20 21:21:43 Err chlog.go.83 抓取图片 http://wx4.sinaimg.cn/large/752a0957ly1fjqba5zlvij20jg0ob773.jpg 成功
2017-09-20 21:21:43 Err chlog.go.83 抓取图片 http://ws3.sinaimg.cn/large/006xa2u9gy1fjqb3bmrfrj30hs0np77b.jpg 成功
2017-09-20 21:21:43 Err chlog.go.83 抓取图片 http://ws3.sinaimg.cn/large/006c7Paely1fjqbf4i97kg308w05016q.gif 成功
2017-09-20 21:21:43 Err chlog.go.83 抓取图片 http://wx2.sinaimg.cn/large/752a0957ly1fjqbb2d29hj20dw0irtam.jpg 成功
2017-09-20 21:21:43 Err chlog.go.83 抓取图片 http://wx2.sinaimg.cn/large/752a0957ly1fjqbafr8fyj20zk0np7at.jpg 成功
2017-09-20 21:21:43 Err chlog.go.83 抓取图片 http://wx4.sinaimg.cn/large/752a0957ly1fjqba5zlvij20jg0ob773.jpg 成功
2017-09-20 21:21:43 Err chlog.go.83 抓取图片 http://ws3.sinaimg.cn/large/006xa2u9gy1fjqb3bmrfrj30hs0np77b.jpg 成功
2017-09-20 21:21:43 Err chlog.go.83 抓取图片 http://ws3.sinaimg.cn/large/006c7Paely1fjqbf4i97kg308w05016q.gif 成功
2017-09-20 21:21:43 Err chlog.go.83 抓取图片 http://wx2.sinaimg.cn/large/752a0957ly1fjqbb2d29hj20dw0irtam.jpg 成功
2017-09-20 21:21:44 Err chlog.go.83 抓取图片 http://wx2.sinaimg.cn/large/752a0957ly1fjqbafr8fyj20zk0np7at.jpg 成功
2017-09-20 21:21:44 Err chlog.go.83 抓取图片 http://wx4.sinaimg.cn/large/752a0957ly1fjqba5zlvij20jg0ob773.jpg 成功
2017-09-20 21:21:44 Err chlog.go.83 抓取图片 http://ws3.sinaimg.cn/large/006xa2u9gy1fjqb3bmrfrj30hs0np77b.jpg 成功
2017-09-20 21:21:44 Err chlog.go.83 抓取图片 http://ws3.sinaimg.cn/large/006c7Paely1fjqbf4i97kg308w05016q.gif 成功
2017-09-20 21:21:44 Err chlog.go.83 抓取图片 http://wx2.sinaimg.cn/large/752a0957ly1fjqbb2d29hj20dw0irtam.jpg 成功
2017-09-20 21:21:44 Err chlog.go.83 抓取图片 http://wx2.sinaimg.cn/large/752a0957ly1fjqbafr8fyj20zk0np7at.jpg 成功
2017-09-20 21:21:44 Err chlog.go.83 抓取图片 http://wx4.sinaimg.cn/large/752a0957ly1fjqba5zlvij20jg0ob773.jpg 成功
2017-09-20 21:21:44 Err chlog.go.83 抓取图片 http://ws3.sinaimg.cn/large/006xa2u9gy1fjqb3bmrfrj30hs0np77b.jpg 成功
2017-09-20 21:21:44 Err chlog.go.83 抓取图片 http://ws3.sinaimg.cn/large/006c7Paely1fjqbf4i97kg308w05016q.gif 成功
2017-09-20 21:21:44 Err chlog.go.83 抓取图片 http://wx2.sinaimg.cn/large/752a0957ly1fjqbb2d29hj20dw0irtam.jpg 成功
2017-09-20 21:21:44 Err chlog.go.83 抓取图片 http://wx2.sinaimg.cn/large/752a0957ly1fjqbafr8fyj20zk0np7at.jpg 成功
2017-09-20 21:21:44 Err chlog.go.83 抓取图片 http://wx4.sinaimg.cn/large/752a0957ly1fjqba5zlvij20jg0ob773.jpg 成功
2017-09-20 21:21:44 Err chlog.go.83 抓取图片 http://ws3.sinaimg.cn/large/006xa2u9gy1fjqb3bmrfrj30hs0np77b.jpg 成功
2017-09-20 21:21:45 Err chlog.go.83 抓取图片 http://ws3.sinaimg.cn/large/006c7Paely1fjqbf4i97kg308w05016q.gif 成功
2017-09-20 21:21:45 Err chlog.go.83 抓取图片 http://wx2.sinaimg.cn/large/752a0957ly1fjqbb2d29hj20dw0irtam.jpg 成功
2017-09-20 21:21:45 Err chlog.go.83 抓取图片 http://wx2.sinaimg.cn/large/752a0957ly1fjqbafr8fyj20zk0np7at.jpg 成功
2017-09-20 21:21:45 Err chlog.go.83 抓取图片 http://wx4.sinaimg.cn/large/752a0957ly1fjqba5zlvij20jg0ob773.jpg 成功
2017-09-20 21:21:45 Err chlog.go.83 抓取图片 http://ws3.sinaimg.cn/large/006xa2u9gy1fjqb3bmrfrj30hs0np77b.jpg 成功
2017-09-20 21:21:45 Err chlog.go.83 抓取图片 http://ws3.sinaimg.cn/large/006c7Paely1fjqbf4i97kg308w05016q.gif 成功
2017-09-20 21:21:45 Err chlog.go.83 抓取图片 http://wx2.sinaimg.cn/large/752a0957ly1fjqbb2d29hj20dw0irtam.jpg 成功
2017-09-20 21:21:45 Err chlog.go.83 抓取图片 http://wx2.sinaimg.cn/large/752a0957ly1fjqbafr8fyj20zk0np7at.jpg 成功
2017-09-20 21:21:45 Err chlog.go.83 抓取图片 http://wx4.sinaimg.cn/large/752a0957ly1fjqba5zlvij20jg0ob773.jpg 成功
2017-09-20 21:21:45 Err chlog.go.83 抓取图片 http://ws3.sinaimg.cn/large/006xa2u9gy1fjqb3bmrfrj30hs0np77b.jpg 成功
2017-09-20 21:21:46 Err chlog.go.83 抓取图片 http://ws3.sinaimg.cn/large/006c7Paely1fjqbf4i97kg308w05016q.gif 成功
2017-09-20 21:21:46 Err chlog.go.83 抓取图片 http://wx2.sinaimg.cn/large/752a0957ly1fjqbb2d29hj20dw0irtam.jpg 成功
2017-09-20 21:21:46 Err chlog.go.83 抓取图片 http://wx2.sinaimg.cn/large/752a0957ly1fjqbafr8fyj20zk0np7at.jpg 成功
2017-09-20 21:21:46 Err chlog.go.83 抓取图片 http://wx4.sinaimg.cn/large/752a0957ly1fjqba5zlvij20jg0ob773.jpg 成功
2017-09-20 21:21:46 Err chlog.go.83 抓取图片 http://ws3.sinaimg.cn/large/006xa2u9gy1fjqb3bmrfrj30hs0np77b.jpg 成功
2017-09-20 21:21:46 Err chlog.go.83 抓取图片 http://ws3.sinaimg.cn/large/006c7Paely1fjqbf4i97kg308w05016q.gif 成功
2017-09-20 21:21:46 Err chlog.go.83 抓取图片 http://wx2.sinaimg.cn/large/752a0957ly1fjqbb2d29hj20dw0irtam.jpg 成功
2017-09-20 21:21:46 Err chlog.go.83 抓取图片 http://wx2.sinaimg.cn/large/752a0957ly1fjqbafr8fyj20zk0np7at.jpg 成功
2017-09-20 21:21:46 Err chlog.go.83 抓取图片 http://wx4.sinaimg.cn/large/752a0957ly1fjqba5zlvij20jg0ob773.jpg 成功
2017-09-20 21:21:46 Err chlog.go.83 抓取图片 http://ws3.sinaimg.cn/large/006xa2u9gy1fjqb3bmrfrj30hs0np77b.jpg 成功
2017-09-20 21:21:47 Err chlog.go.83 抓取图片 http://ws3.sinaimg.cn/large/006c7Paely1fjqbf4i97kg308w05016q.gif 成功
2017-09-20 21:21:47 Err chlog.go.83 抓取图片 http://wx2.sinaimg.cn/large/752a0957ly1fjqbb2d29hj20dw0irtam.jpg 成功
2017-09-20 21:21:47 Err chlog.go.83 抓取图片 http://wx2.sinaimg.cn/large/752a0957ly1fjqbafr8fyj20zk0np7at.jpg 成功
2017-09-20 21:21:47 Err chlog.go.83 抓取图片 http://wx4.sinaimg.cn/large/752a0957ly1fjqba5zlvij20jg0ob773.jpg 成功
2017-09-20 21:21:47 Err chlog.go.83 抓取图片 http://ws3.sinaimg.cn/large/006xa2u9gy1fjqb3bmrfrj30hs0np77b.jpg 成功
2017-09-20 21:21:47 Err chlog.go.83 抓取图片 http://ws3.sinaimg.cn/large/006c7Paely1fjqbf4i97kg308w05016q.gif 成功
2017-09-20 21:21:47 Err chlog.go.83 抓取图片 http://wx2.sinaimg.cn/large/752a0957ly1fjqbb2d29hj20dw0irtam.jpg 成功
2017-09-20 21:21:47 Err chlog.go.83 抓取图片 http://wx2.sinaimg.cn/large/752a0957ly1fjqbafr8fyj20zk0np7at.jpg 成功
2017-09-20 21:21:47 Err chlog.go.83 抓取图片 http://wx4.sinaimg.cn/large/752a0957ly1fjqba5zlvij20jg0ob773.jpg 成功
2017-09-20 21:21:47 Err chlog.go.83 抓取图片 http://ws3.sinaimg.cn/large/006xa2u9gy1fjqb3bmrfrj30hs0np77b.jpg 成功
2017-09-20 21:21:47 Err chlog.go.83 抓取图片 http://ws3.sinaimg.cn/large/006c7Paely1fjqbf4i97kg308w05016q.gif 成功
2017-09-20 21:21:47 Err chlog.go.83 抓取图片 http://wx2.sinaimg.cn/large/752a0957ly1fjqbb2d29hj20dw0irtam.jpg 成功
2017-09-20 21:21:47 Err chlog.go.83 抓取图片 http://wx2.sinaimg.cn/large/752a0957ly1fjqbafr8fyj20zk0np7at.jpg 成功
2017-09-20 21:21:48 Err chlog.go.83 抓取图片 http://wx4.sinaimg.cn/large/752a0957ly1fjqba5zlvij20jg0ob773.jpg 成功
2017-09-20 21:21:48 Err chlog.go.83 抓取图片 http://ws3.sinaimg.cn/large/006xa2u9gy1fjqb3bmrfrj30hs0np77b.jpg 成功
2017-09-20 21:21:48 Err chlog.go.83 抓取图片 http://ws3.sinaimg.cn/large/006c7Paely1fjqbf4i97kg308w05016q.gif 成功
2017-09-20 21:21:48 Err chlog.go.83 抓取图片 http://wx2.sinaimg.cn/large/752a0957ly1fjqbb2d29hj20dw0irtam.jpg 成功
2017-09-20 21:21:48 Err chlog.go.83 抓取图片 http://wx2.sinaimg.cn/large/752a0957ly1fjqbafr8fyj20zk0np7at.jpg 成功
2017-09-20 21:21:48 Err chlog.go.83 抓取图片 http://wx4.sinaimg.cn/large/752a0957ly1fjqba5zlvij20jg0ob773.jpg 成功
2017-09-20 21:21:48 Err chlog.go.83 抓取图片 http://ws3.sinaimg.cn/large/006xa2u9gy1fjqb3bmrfrj30hs0np77b.jpg 成功
2017-09-20 21:21:48 Err chlog.go.83 抓取图片 http://ws3.sinaimg.cn/large/006c7Paely1fjqbf4i97kg308w05016q.gif 成功
2017-09-20 21:21:48 Err chlog.go.83 抓取图片 http://wx2.sinaimg.cn/large/752a0957ly1fjqbb2d29hj20dw0irtam.jpg 成功
2017-09-20 21:21:48 Err chlog.go.83 抓取图片 http://wx2.sinaimg.cn/large/752a0957ly1fjqbafr8fyj20zk0np7at.jpg 成功
2017-09-20 21:21:48 Err chlog.go.83 抓取图片 http://wx4.sinaimg.cn/large/752a0957ly1fjqba5zlvij20jg0ob773.jpg 成功
2017-09-20 21:21:48 Err chlog.go.83 抓取图片 http://ws3.sinaimg.cn/large/006xa2u9gy1fjqb3bmrfrj30hs0np77b.jpg 成功
2017-09-20 21:21:49 Err chlog.go.83 抓取图片 http://ws3.sinaimg.cn/large/006c7Paely1fjqbf4i97kg308w05016q.gif 成功
2017-09-20 21:21:49 Err chlog.go.83 抓取图片 http://wx2.sinaimg.cn/large/752a0957ly1fjqbb2d29hj20dw0irtam.jpg 成功
2017-09-20 21:21:49 Err chlog.go.83 抓取图片 http://wx2.sinaimg.cn/large/752a0957ly1fjqbafr8fyj20zk0np7at.jpg 成功
2017-09-20 21:21:49 Err chlog.go.83 抓取图片 http://wx4.sinaimg.cn/large/752a0957ly1fjqba5zlvij20jg0ob773.jpg 成功
2017-09-20 21:21:49 Err chlog.go.83 抓取图片 http://ws3.sinaimg.cn/large/006xa2u9gy1fjqb3bmrfrj30hs0np77b.jpg 成功
2017-09-20 21:21:49 Err chlog.go.83 抓取图片 http://ws3.sinaimg.cn/large/006c7Paely1fjqbf4i97kg308w05016q.gif 成功
2017-09-20 21:21:49 Err chlog.go.83 抓取图片 http://wx2.sinaimg.cn/large/752a0957ly1fjqbb2d29hj20dw0irtam.jpg 成功
2017-09-20 21:21:49 Err chlog.go.83 抓取图片 http://wx2.sinaimg.cn/large/752a0957ly1fjqbafr8fyj20zk0np7at.jpg 成功
2017-09-20 21:21:49 Err chlog.go.83 抓取图片 http://wx4.sinaimg.cn/large/752a0957ly1fjqba5zlvij20jg0ob773.jpg 成功
2017-09-20 21:21:49 Err chlog.go.83 抓取图片 http://ws3.sinaimg.cn/large/006xa2u9gy1fjqb3bmrfrj30hs0np77b.jpg 成功
2017-09-20 21:21:50 Err chlog.go.83 抓取图片 http://ws3.sinaimg.cn/large/006c7Paely1fjqbf4i97kg308w05016q.gif 成功
2017-09-20 21:21:50 Err chlog.go.83 抓取图片 http://wx2.sinaimg.cn/large/752a0957ly1fjqbb2d29hj20dw0irtam.jpg 成功
2017-09-20 21:21:50 Err chlog.go.83 抓取图片 http://wx2.sinaimg.cn/large/752a0957ly1fjqbafr8fyj20zk0np7at.jpg 成功
2017-09-20 21:21:50 Err chlog.go.83 抓取图片 http://wx4.sinaimg.cn/large/752a0957ly1fjqba5zlvij20jg0ob773.jpg 成功
2017-09-20 21:21:50 Err chlog.go.83 抓取图片 http://ws3.sinaimg.cn/large/006xa2u9gy1fjqb3bmrfrj30hs0np77b.jpg 成功
2017-09-20 21:21:50 Err chlog.go.83 抓取图片 http://ws3.sinaimg.cn/large/006c7Paely1fjqbf4i97kg308w05016q.gif 成功
2017-09-20 21:21:50 Err chlog.go.83 抓取图片 http://wx2.sinaimg.cn/large/752a0957ly1fjqbb2d29hj20dw0irtam.jpg 成功
2017-09-20 21:21:50 Err chlog.go.83 抓取图片 http://wx2.sinaimg.cn/large/752a0957ly1fjqbafr8fyj20zk0np7at.jpg 成功
2017-09-20 21:21:50 Err chlog.go.83 抓取图片 http://wx4.sinaimg.cn/large/752a0957ly1fjqba5zlvij20jg0ob773.jpg 成功
2017-09-20 21:21:50 Err chlog.go.83 抓取图片 http://ws3.sinaimg.cn/large/006xa2u9gy1fjqb3bmrfrj30hs0np77b.jpg 成功
2017-09-20 21:21:51 Err chlog.go.83 抓取图片 http://ws3.sinaimg.cn/large/006c7Paely1fjqbf4i97kg308w05016q.gif 成功
2017-09-20 21:21:51 Err chlog.go.83 抓取图片 http://wx2.sinaimg.cn/large/752a0957ly1fjqbb2d29hj20dw0irtam.jpg 成功
2017-09-20 21:21:51 Err chlog.go.83 抓取图片 http://wx2.sinaimg.cn/large/752a0957ly1fjqbafr8fyj20zk0np7at.jpg 成功
2017-09-20 21:21:51 Err chlog.go.83 抓取图片 http://wx4.sinaimg.cn/large/752a0957ly1fjqba5zlvij20jg0ob773.jpg 成功
2017-09-20 21:21:51 Err chlog.go.83 抓取图片 http://ws3.sinaimg.cn/large/006xa2u9gy1fjqb3bmrfrj30hs0np77b.jpg 成功
2017-09-20 21:21:51 Err chlog.go.83 抓取图片 http://ws3.sinaimg.cn/large/006c7Paely1fjqbf4i97kg308w05016q.gif 成功
2017-09-20 21:21:51 Err chlog.go.83 抓取图片 http://wx2.sinaimg.cn/large/752a0957ly1fjqbb2d29hj20dw0irtam.jpg 成功
2017-09-20 21:21:51 Err chlog.go.83 抓取图片 http://wx2.sinaimg.cn/large/752a0957ly1fjqbafr8fyj20zk0np7at.jpg 成功
2017-09-20 21:21:51 Err chlog.go.83 抓取图片 http://wx4.sinaimg.cn/large/752a0957ly1fjqba5zlvij20jg0ob773.jpg 成功
2017-09-20 21:21:51 Err chlog.go.83 抓取图片 http://ws3.sinaimg.cn/large/006xa2u9gy1fjqb3bmrfrj30hs0np77b.jpg 成功
2017-09-20 21:21:51 Err chlog.go.83 抓取图片 http://ws3.sinaimg.cn/large/006c7Paely1fjqbf4i97kg308w05016q.gif 成功
2017-09-20 21:21:51 Err chlog.go.83 抓取图片 http://wx2.sinaimg.cn/large/752a0957ly1fjqbb2d29hj20dw0irtam.jpg 成功
2017-09-20 21:21:51 Err chlog.go.83 抓取图片 http://wx2.sinaimg.cn/large/752a0957ly1fjqbafr8fyj20zk0np7at.jpg 成功
2017-09-20 21:21:51 Err chlog.go.83 抓取图片 http://wx4.sinaimg.cn/large/752a0957ly1fjqba5zlvij20jg0ob773.jpg 成功
2017-09-20 21:21:52 Err chlog.go.83 抓取图片 http://ws3.sinaimg.cn/large/006xa2u9gy1fjqb3bmrfrj30hs0np77b.jpg 成功
2017-09-20 21:21:52 Err chlog.go.83 抓取图片 http://ws3.sinaimg.cn/large/006c7Paely1fjqbf4i97kg308w05016q.gif 成功
2017-09-20 21:21:52 Err chlog.go.83 抓取图片 http://wx2.sinaimg.cn/large/752a0957ly1fjqbb2d29hj20dw0irtam.jpg 成功
2017-09-20 21:21:52 Err chlog.go.83 抓取图片 http://wx2.sinaimg.cn/large/752a0957ly1fjqbafr8fyj20zk0np7at.jpg 成功
2017-09-20 21:21:52 Err chlog.go.83 抓取图片 http://wx4.sinaimg.cn/large/752a0957ly1fjqba5zlvij20jg0ob773.jpg 成功
2017-09-20 21:21:52 Err chlog.go.83 抓取图片 http://ws3.sinaimg.cn/large/006xa2u9gy1fjqb3bmrfrj30hs0np77b.jpg 成功
2017-09-20 21:21:52 Err chlog.go.83 抓取图片 http://ws3.sinaimg.cn/large/006c7Paely1fjqbf4i97kg308w05016q.gif 成功
2017-09-20 21:21:52 Err chlog.go.83 抓取图片 http://wx2.sinaimg.cn/large/752a0957ly1fjqbb2d29hj20dw0irtam.jpg 成功
2017-09-20 21:21:52 Err chlog.go.83 抓取图片 http://wx2.sinaimg.cn/large/752a0957ly1fjqbafr8fyj20zk0np7at.jpg 成功
2017-09-20 21:21:53 Err chlog.go.83 抓取图片 http://wx4.sinaimg.cn/large/752a0957ly1fjqba5zlvij20jg0ob773.jpg 成功
2017-09-20 21:21:53 Err chlog.go.83 抓取图片 http://ws3.sinaimg.cn/large/006xa2u9gy1fjqb3bmrfrj30hs0np77b.jpg 成功
2017-09-20 21:21:53 Err chlog.go.83 抓取图片 http://ws3.sinaimg.cn/large/006c7Paely1fjqbf4i97kg308w05016q.gif 成功
2017-09-20 21:21:53 Err chlog.go.83 抓取图片 http://wx2.sinaimg.cn/large/752a0957ly1fjqbb2d29hj20dw0irtam.jpg 成功
2017-09-20 21:21:53 Err chlog.go.83 抓取图片 http://wx2.sinaimg.cn/large/752a0957ly1fjqbafr8fyj20zk0np7at.jpg 成功
2017-09-20 21:21:53 Err chlog.go.83 抓取图片 http://wx4.sinaimg.cn/large/752a0957ly1fjqba5zlvij20jg0ob773.jpg 成功
2017-09-20 21:21:53 Err chlog.go.83 抓取图片 http://ws3.sinaimg.cn/large/006xa2u9gy1fjqb3bmrfrj30hs0np77b.jpg 成功
2017-09-20 21:21:53 Err chlog.go.83 抓取图片 http://ws3.sinaimg.cn/large/006c7Paely1fjqbf4i97kg308w05016q.gif 成功
2017-09-20 21:21:53 Err chlog.go.83 抓取图片 http://wx2.sinaimg.cn/large/752a0957ly1fjqbb2d29hj20dw0irtam.jpg 成功
2017-09-20 21:21:53 Err chlog.go.83 抓取图片 http://wx2.sinaimg.cn/large/752a0957ly1fjqbafr8fyj20zk0np7at.jpg 成功
2017-09-20 21:21:53 Err chlog.go.83 抓取图片 http://wx4.sinaimg.cn/large/752a0957ly1fjqba5zlvij20jg0ob773.jpg 成功
2017-09-20 21:21:53 Err chlog.go.83 抓取图片 http://ws3.sinaimg.cn/large/006xa2u9gy1fjqb3bmrfrj30hs0np77b.jpg 成功
2017-09-20 21:21:57 Err chlog.go.83 抓取图片 http://ws3.sinaimg.cn/large/006c7Paely1fjqbf4i97kg308w05016q.gif 成功
2017-09-20 21:21:57 Err chlog.go.83 抓取图片 http://wx2.sinaimg.cn/large/752a0957ly1fjqbb2d29hj20dw0irtam.jpg 成功
2017-09-20 21:21:57 Err chlog.go.83 抓取图片 http://wx2.sinaimg.cn/large/752a0957ly1fjqbafr8fyj20zk0np7at.jpg 成功
2017-09-20 21:21:57 Err chlog.go.83 抓取图片 http://wx4.sinaimg.cn/large/752a0957ly1fjqba5zlvij20jg0ob773.jpg 成功
2017-09-20 21:21:57 Err chlog.go.83 抓取图片 http://ws3.sinaimg.cn/large/006xa2u9gy1fjqb3bmrfrj30hs0np77b.jpg 成功
2017-09-20 21:21:57 Err chlog.go.83 抓取图片 http://ws3.sinaimg.cn/large/006c7Paely1fjqbf4i97kg308w05016q.gif 成功
2017-09-20 21:21:57 Err chlog.go.83 抓取图片 http://wx2.sinaimg.cn/large/752a0957ly1fjqbb2d29hj20dw0irtam.jpg 成功
2017-09-20 21:21:58 Err chlog.go.83 抓取图片 http://wx2.sinaimg.cn/large/752a0957ly1fjqbafr8fyj20zk0np7at.jpg 成功
2017-09-20 21:21:58 Err chlog.go.83 抓取图片 http://wx4.sinaimg.cn/large/752a0957ly1fjqba5zlvij20jg0ob773.jpg 成功
2017-09-20 21:21:58 Err chlog.go.83 抓取图片 http://ws3.sinaimg.cn/large/006xa2u9gy1fjqb3bmrfrj30hs0np77b.jpg 成功
2017-09-20 21:21:58 Err chlog.go.83 抓取图片 http://ws3.sinaimg.cn/large/006c7Paely1fjqbf4i97kg308w05016q.gif 成功
2017-09-20 21:21:58 Err chlog.go.83 抓取图片 http://wx2.sinaimg.cn/large/752a0957ly1fjqbb2d29hj20dw0irtam.jpg 成功
2017-09-20 21:21:58 Err chlog.go.83 抓取图片 http://wx2.sinaimg.cn/large/752a0957ly1fjqbafr8fyj20zk0np7at.jpg 成功
2017-09-20 21:21:58 Err chlog.go.83 抓取图片 http://wx4.sinaimg.cn/large/752a0957ly1fjqba5zlvij20jg0ob773.jpg 成功
2017-09-20 21:21:58 Err chlog.go.83 抓取图片 http://ws3.sinaimg.cn/large/006xa2u9gy1fjqb3bmrfrj30hs0np77b.jpg 成功
2017-09-20 21:21:58 Err chlog.go.83 抓取图片 http://ws3.sinaimg.cn/large/006c7Paely1fjqbf4i97kg308w05016q.gif 成功
2017-09-20 21:21:58 Err chlog.go.83 抓取图片 http://wx2.sinaimg.cn/large/752a0957ly1fjqbb2d29hj20dw0irtam.jpg 成功
2017-09-20 21:21:58 Err chlog.go.83 抓取图片 http://wx2.sinaimg.cn/large/752a0957ly1fjqbafr8fyj20zk0np7at.jpg 成功
2017-09-20 21:21:58 Err chlog.go.83 抓取图片 http://wx4.sinaimg.cn/large/752a0957ly1fjqba5zlvij20jg0ob773.jpg 成功
2017-09-20 21:21:58 Err chlog.go.83 抓取图片 http://ws3.sinaimg.cn/large/006xa2u9gy1fjqb3bmrfrj30hs0np77b.jpg 成功
2017-09-20 21:21:58 Err chlog.go.83 抓取图片 http://ws3.sinaimg.cn/large/006c7Paely1fjqbf4i97kg308w05016q.gif 成功
2017-09-20 21:21:58 Err chlog.go.83 抓取图片 http://wx2.sinaimg.cn/large/752a0957ly1fjqbb2d29hj20dw0irtam.jpg 成功
2017-09-20 21:21:58 Err chlog.go.83 抓取图片 http://wx2.sinaimg.cn/large/752a0957ly1fjqbafr8fyj20zk0np7at.jpg 成功
2017-09-20 21:21:58 Err chlog.go.83 抓取图片 http://wx4.sinaimg.cn/large/752a0957ly1fjqba5zlvij20jg0ob773.jpg 成功
2017-09-20 21:21:58 Err chlog.go.83 抓取图片 http://ws3.sinaimg.cn/large/006xa2u9gy1fjqb3bmrfrj30hs0np77b.jpg 成功
2017-09-20 21:21:58 Err chlog.go.83 抓取图片 http://ws3.sinaimg.cn/large/006c7Paely1fjqbf4i97kg308w05016q.gif 成功
2017-09-20 21:21:58 Err chlog.go.83 抓取图片 http://wx2.sinaimg.cn/large/752a0957ly1fjqbb2d29hj20dw0irtam.jpg 成功
2017-09-20 21:21:58 Err chlog.go.83 抓取图片 http://wx2.sinaimg.cn/large/752a0957ly1fjqbafr8fyj20zk0np7at.jpg 成功
2017-09-20 21:21:58 Err chlog.go.83 抓取图片 http://wx4.sinaimg.cn/large/752a0957ly1fjqba5zlvij20jg0ob773.jpg 成功
2017-09-20 21:21:58 Err chlog.go.83 抓取图片 http://ws3.sinaimg.cn/large/006xa2u9gy1fjqb3bmrfrj30hs0np77b.jpg 成功
2017-09-20 21:21:59 Err chlog.go.83 抓取图片 http://ws3.sinaimg.cn/large/006c7Paely1fjqbf4i97kg308w05016q.gif 成功
2017-09-20 21:21:59 Err chlog.go.83 抓取图片 http://wx2.sinaimg.cn/large/752a0957ly1fjqbb2d29hj20dw0irtam.jpg 成功
2017-09-20 21:21:59 Err chlog.go.83 抓取图片 http://wx2.sinaimg.cn/large/752a0957ly1fjqbafr8fyj20zk0np7at.jpg 成功
2017-09-20 21:21:59 Err chlog.go.83 抓取图片 http://wx4.sinaimg.cn/large/752a0957ly1fjqba5zlvij20jg0ob773.jpg 成功
2017-09-20 21:21:59 Err chlog.go.83 抓取图片 http://ws3.sinaimg.cn/large/006xa2u9gy1fjqb3bmrfrj30hs0np77b.jpg 成功
2017-09-20 21:21:59 Err chlog.go.83 抓取图片 http://ws3.sinaimg.cn/large/006c7Paely1fjqbf4i97kg308w05016q.gif 成功
2017-09-20 21:21:59 Err chlog.go.83 抓取图片 http://wx2.sinaimg.cn/large/752a0957ly1fjqbb2d29hj20dw0irtam.jpg 成功
2017-09-20 21:21:59 Err chlog.go.83 抓取图片 http://wx2.sinaimg.cn/large/752a0957ly1fjqbafr8fyj20zk0np7at.jpg 成功
2017-09-20 21:21:59 Err chlog.go.83 抓取图片 http://wx4.sinaimg.cn/large/752a0957ly1fjqba5zlvij20jg0ob773.jpg 成功
2017-09-20 21:21:59 Err chlog.go.83 抓取图片 http://ws3.sinaimg.cn/large/006xa2u9gy1fjqb3bmrfrj30hs0np77b.jpg 成功
2017-09-20 21:21:59 Err chlog.go.83 抓取图片 http://ws3.sinaimg.cn/large/006c7Paely1fjqbf4i97kg308w05016q.gif 成功
2017-09-20 21:21:59 Err chlog.go.83 抓取图片 http://wx2.sinaimg.cn/large/752a0957ly1fjqbb2d29hj20dw0irtam.jpg 成功
2017-09-20 21:21:59 Err chlog.go.83 抓取图片 http://wx2.sinaimg.cn/large/752a0957ly1fjqbafr8fyj20zk0np7at.jpg 成功
2017-09-20 21:21:59 Err chlog.go.83 抓取图片 http://wx4.sinaimg.cn/large/752a0957ly1fjqba5zlvij20jg0ob773.jpg 成功
2017-09-20 21:21:59 Err chlog.go.83 抓取图片 http://ws3.sinaimg.cn/large/006xa2u9gy1fjqb3bmrfrj30hs0np77b.jpg 成功
2017-09-20 21:21:59 Err chlog.go.83 抓取图片 http://ws3.sinaimg.cn/large/006c7Paely1fjqbf4i97kg308w05016q.gif 成功
2017-09-20 21:21:59 Err chlog.go.83 抓取图片 http://wx2.sinaimg.cn/large/752a0957ly1fjqbb2d29hj20dw0irtam.jpg 成功
2017-09-20 21:21:59 Err chlog.go.83 抓取图片 http://wx2.sinaimg.cn/large/752a0957ly1fjqbafr8fyj20zk0np7at.jpg 成功
2017-09-20 21:21:59 Err chlog.go.83 抓取图片 http://wx4.sinaimg.cn/large/752a0957ly1fjqba5zlvij20jg0ob773.jpg 成功
2017-09-20 21:21:59 Err chlog.go.83 抓取图片 http://ws3.sinaimg.cn/large/006xa2u9gy1fjqb3bmrfrj30hs0np77b.jpg 成功
2017-09-20 21:21:59 Err chlog.go.83 抓取图片 http://ws3.sinaimg.cn/large/006c7Paely1fjqbf4i97kg308w05016q.gif 成功
2017-09-20 21:21:59 Err chlog.go.83 抓取图片 http://wx2.sinaimg.cn/large/752a0957ly1fjqbb2d29hj20dw0irtam.jpg 成功
2017-09-20 21:22:00 Err chlog.go.83 抓取图片 http://wx2.sinaimg.cn/large/752a0957ly1fjqbafr8fyj20zk0np7at.jpg 成功
2017-09-20 21:22:00 Err chlog.go.83 抓取图片 http://wx4.sinaimg.cn/large/752a0957ly1fjqba5zlvij20jg0ob773.jpg 成功
2017-09-20 21:22:00 Err chlog.go.83 抓取图片 http://ws3.sinaimg.cn/large/006xa2u9gy1fjqb3bmrfrj30hs0np77b.jpg 成功
2017-09-20 21:22:00 Err chlog.go.83 抓取图片 http://ws3.sinaimg.cn/large/006c7Paely1fjqbf4i97kg308w05016q.gif 成功
2017-09-20 21:22:00 Err chlog.go.83 抓取图片 http://wx2.sinaimg.cn/large/752a0957ly1fjqbb2d29hj20dw0irtam.jpg 成功
2017-09-20 21:22:00 Err chlog.go.83 抓取图片 http://wx2.sinaimg.cn/large/752a0957ly1fjqbafr8fyj20zk0np7at.jpg 成功
2017-09-20 21:22:00 Err chlog.go.83 抓取图片 http://wx4.sinaimg.cn/large/752a0957ly1fjqba5zlvij20jg0ob773.jpg 成功
2017-09-20 21:22:00 Err chlog.go.83 抓取图片 http://ws3.sinaimg.cn/large/006xa2u9gy1fjqb3bmrfrj30hs0np77b.jpg 成功
2017-09-20 21:22:00 Err chlog.go.83 抓取图片 http://ws3.sinaimg.cn/large/006c7Paely1fjqbf4i97kg308w05016q.gif 成功
2017-09-20 21:22:00 Err chlog.go.83 抓取图片 http://wx2.sinaimg.cn/large/752a0957ly1fjqbb2d29hj20dw0irtam.jpg 成功
2017-09-20 21:22:00 Err chlog.go.83 抓取图片 http://wx2.sinaimg.cn/large/752a0957ly1fjqbafr8fyj20zk0np7at.jpg 成功
2017-09-20 21:22:00 Err chlog.go.83 抓取图片 http://wx4.sinaimg.cn/large/752a0957ly1fjqba5zlvij20jg0ob773.jpg 成功
2017-09-20 21:22:00 Err chlog.go.83 抓取图片 http://ws3.sinaimg.cn/large/006xa2u9gy1fjqb3bmrfrj30hs0np77b.jpg 成功
2017-09-20 21:22:00 Err chlog.go.83 抓取图片 http://ws3.sinaimg.cn/large/006c7Paely1fjqbf4i97kg308w05016q.gif 成功
2017-09-20 21:22:00 Err chlog.go.83 抓取图片 http://wx2.sinaimg.cn/large/752a0957ly1fjqbb2d29hj20dw0irtam.jpg 成功
2017-09-20 21:22:00 Err chlog.go.83 抓取图片 http://wx2.sinaimg.cn/large/752a0957ly1fjqbafr8fyj20zk0np7at.jpg 成功
2017-09-20 21:22:00 Err chlog.go.83 抓取图片 http://wx4.sinaimg.cn/large/752a0957ly1fjqba5zlvij20jg0ob773.jpg 成功
2017-09-20 21:22:01 Err chlog.go.83 抓取图片 http://ws3.sinaimg.cn/large/006xa2u9gy1fjqb3bmrfrj30hs0np77b.jpg 成功
2017-09-20 21:22:01 Err chlog.go.83 抓取图片 http://ws3.sinaimg.cn/large/006c7Paely1fjqbf4i97kg308w05016q.gif 成功
2017-09-20 21:22:01 Err chlog.go.83 抓取图片 http://wx2.sinaimg.cn/large/752a0957ly1fjqbb2d29hj20dw0irtam.jpg 成功
2017-09-20 21:22:01 Err chlog.go.83 抓取图片 http://wx2.sinaimg.cn/large/752a0957ly1fjqbafr8fyj20zk0np7at.jpg 成功
2017-09-20 21:22:01 Err chlog.go.83 抓取图片 http://wx4.sinaimg.cn/large/752a0957ly1fjqba5zlvij20jg0ob773.jpg 成功
2017-09-20 21:22:01 Err chlog.go.83 抓取图片 http://ws3.sinaimg.cn/large/006xa2u9gy1fjqb3bmrfrj30hs0np77b.jpg 成功
2017-09-20 21:22:01 Err chlog.go.83 抓取图片 http://ws3.sinaimg.cn/large/006c7Paely1fjqbf4i97kg308w05016q.gif 成功
2017-09-20 21:22:01 Err chlog.go.83 抓取图片 http://wx2.sinaimg.cn/large/752a0957ly1fjqbb2d29hj20dw0irtam.jpg 成功
2017-09-20 21:22:01 Err chlog.go.83 抓取图片 http://wx2.sinaimg.cn/large/752a0957ly1fjqbafr8fyj20zk0np7at.jpg 成功
2017-09-20 21:22:01 Err chlog.go.83 抓取图片 http://wx4.sinaimg.cn/large/752a0957ly1fjqba5zlvij20jg0ob773.jpg 成功
2017-09-20 21:22:01 Err chlog.go.83 抓取图片 http://ws3.sinaimg.cn/large/006xa2u9gy1fjqb3bmrfrj30hs0np77b.jpg 成功
2017-09-20 21:22:01 Err chlog.go.83 抓取图片 http://ws3.sinaimg.cn/large/006c7Paely1fjqbf4i97kg308w05016q.gif 成功
2017-09-20 21:22:01 Err chlog.go.83 抓取图片 http://wx2.sinaimg.cn/large/752a0957ly1fjqbb2d29hj20dw0irtam.jpg 成功
2017-09-20 21:22:01 Err chlog.go.83 抓取图片 http://wx2.sinaimg.cn/large/752a0957ly1fjqbafr8fyj20zk0np7at.jpg 成功
2017-09-20 21:22:01 Err chlog.go.83 抓取图片 http://wx4.sinaimg.cn/large/752a0957ly1fjqba5zlvij20jg0ob773.jpg 成功
2017-09-20 21:22:01 Err chlog.go.83 抓取图片 http://ws3.sinaimg.cn/large/006xa2u9gy1fjqb3bmrfrj30hs0np77b.jpg 成功
2017-09-20 21:22:01 Err chlog.go.83 抓取图片 http://ws3.sinaimg.cn/large/006c7Paely1fjqbf4i97kg308w05016q.gif 成功
2017-09-20 21:22:01 Err chlog.go.83 抓取图片 http://wx2.sinaimg.cn/large/752a0957ly1fjqbb2d29hj20dw0irtam.jpg 成功
2017-09-20 21:22:01 Err chlog.go.83 抓取图片 http://wx2.sinaimg.cn/large/752a0957ly1fjqbafr8fyj20zk0np7at.jpg 成功
2017-09-20 21:22:01 Err chlog.go.83 抓取图片 http://wx4.sinaimg.cn/large/752a0957ly1fjqba5zlvij20jg0ob773.jpg 成功
2017-09-20 21:22:01 Err chlog.go.83 抓取图片 http://ws3.sinaimg.cn/large/006xa2u9gy1fjqb3bmrfrj30hs0np77b.jpg 成功
2017-09-20 21:22:02 Err chlog.go.83 抓取图片 http://ws3.sinaimg.cn/large/006c7Paely1fjqbf4i97kg308w05016q.gif 成功
2017-09-20 21:22:02 Err chlog.go.83 抓取图片 http://wx2.sinaimg.cn/large/752a0957ly1fjqbb2d29hj20dw0irtam.jpg 成功
2017-09-20 21:22:02 Err chlog.go.83 抓取图片 http://wx2.sinaimg.cn/large/752a0957ly1fjqbafr8fyj20zk0np7at.jpg 成功
2017-09-20 21:22:02 Err chlog.go.83 抓取图片 http://wx4.sinaimg.cn/large/752a0957ly1fjqba5zlvij20jg0ob773.jpg 成功
2017-09-20 21:22:02 Err chlog.go.83 抓取图片 http://ws3.sinaimg.cn/large/006xa2u9gy1fjqb3bmrfrj30hs0np77b.jpg 成功
2017-09-20 21:22:02 Err chlog.go.83 抓取图片 http://ws3.sinaimg.cn/large/006c7Paely1fjqbf4i97kg308w05016q.gif 成功
2017-09-20 21:22:02 Err chlog.go.83 抓取图片 http://wx2.sinaimg.cn/large/752a0957ly1fjqbb2d29hj20dw0irtam.jpg 成功
2017-09-20 21:22:02 Err chlog.go.83 抓取图片 http://wx2.sinaimg.cn/large/752a0957ly1fjqbafr8fyj20zk0np7at.jpg 成功
2017-09-20 21:22:02 Err chlog.go.83 抓取图片 http://wx4.sinaimg.cn/large/752a0957ly1fjqba5zlvij20jg0ob773.jpg 成功
2017-09-20 21:22:02 Err chlog.go.83 抓取图片 http://ws3.sinaimg.cn/large/006xa2u9gy1fjqb3bmrfrj30hs0np77b.jpg 成功
2017-09-20 21:22:02 Err chlog.go.83 抓取图片 http://ws3.sinaimg.cn/large/006c7Paely1fjqbf4i97kg308w05016q.gif 成功
2017-09-20 21:22:02 Err chlog.go.83 抓取图片 http://wx2.sinaimg.cn/large/752a0957ly1fjqbb2d29hj20dw0irtam.jpg 成功
2017-09-20 21:22:02 Err chlog.go.83 抓取图片 http://wx2.sinaimg.cn/large/752a0957ly1fjqbafr8fyj20zk0np7at.jpg 成功
2017-09-20 21:22:02 Err chlog.go.83 抓取图片 http://wx4.sinaimg.cn/large/752a0957ly1fjqba5zlvij20jg0ob773.jpg 成功
2017-09-20 21:22:02 Err chlog.go.83 抓取图片 http://ws3.sinaimg.cn/large/006xa2u9gy1fjqb3bmrfrj30hs0np77b.jpg 成功
2017-09-20 21:22:02 Err chlog.go.83 抓取图片 http://ws3.sinaimg.cn/large/006c7Paely1fjqbf4i97kg308w05016q.gif 成功
2017-09-20 21:22:02 Err chlog.go.83 抓取图片 http://wx2.sinaimg.cn/large/752a0957ly1fjqbb2d29hj20dw0irtam.jpg 成功
2017-09-20 21:22:02 Err chlog.go.83 抓取图片 http://wx2.sinaimg.cn/large/752a0957ly1fjqbafr8fyj20zk0np7at.jpg 成功
2017-09-20 21:22:02 Err chlog.go.83 抓取图片 http://wx4.sinaimg.cn/large/752a0957ly1fjqba5zlvij20jg0ob773.jpg 成功
2017-09-20 21:22:02 Err chlog.go.83 抓取图片 http://ws3.sinaimg.cn/large/006xa2u9gy1fjqb3bmrfrj30hs0np77b.jpg 成功
2017-09-20 21:22:02 Err chlog.go.83 抓取图片 http://ws3.sinaimg.cn/large/006c7Paely1fjqbf4i97kg308w05016q.gif 成功
2017-09-20 21:22:02 Err chlog.go.83 抓取图片 http://wx2.sinaimg.cn/large/752a0957ly1fjqbb2d29hj20dw0irtam.jpg 成功
2017-09-20 21:22:02 Err chlog.go.83 抓取图片 http://wx2.sinaimg.cn/large/752a0957ly1fjqbafr8fyj20zk0np7at.jpg 成功
2017-09-20 21:22:03 Err chlog.go.83 抓取图片 http://wx4.sinaimg.cn/large/752a0957ly1fjqba5zlvij20jg0ob773.jpg 成功
2017-09-20 21:22:03 Err chlog.go.83 抓取图片 http://ws3.sinaimg.cn/large/006xa2u9gy1fjqb3bmrfrj30hs0np77b.jpg 成功
2017-09-20 21:22:03 Err chlog.go.83 抓取图片 http://ws3.sinaimg.cn/large/006c7Paely1fjqbf4i97kg308w05016q.gif 成功
2017-09-20 21:22:03 Err chlog.go.83 抓取图片 http://wx2.sinaimg.cn/large/752a0957ly1fjqbb2d29hj20dw0irtam.jpg 成功
2017-09-20 21:22:03 Err chlog.go.83 抓取图片 http://wx2.sinaimg.cn/large/752a0957ly1fjqbafr8fyj20zk0np7at.jpg 成功
2017-09-20 21:22:03 Err chlog.go.83 抓取图片 http://wx4.sinaimg.cn/large/752a0957ly1fjqba5zlvij20jg0ob773.jpg 成功
2017-09-20 21:22:03 Err chlog.go.83 抓取图片 http://ws3.sinaimg.cn/large/006xa2u9gy1fjqb3bmrfrj30hs0np77b.jpg 成功
2017-09-20 21:22:03 Err chlog.go.83 抓取图片 http://ws3.sinaimg.cn/large/006c7Paely1fjqbf4i97kg308w05016q.gif 成功
2017-09-20 21:22:03 Err chlog.go.83 抓取图片 http://wx2.sinaimg.cn/large/752a0957ly1fjqbb2d29hj20dw0irtam.jpg 成功
2017-09-20 21:22:03 Err chlog.go.83 抓取图片 http://wx2.sinaimg.cn/large/752a0957ly1fjqbafr8fyj20zk0np7at.jpg 成功
2017-09-20 21:22:03 Err chlog.go.83 抓取图片 http://wx4.sinaimg.cn/large/752a0957ly1fjqba5zlvij20jg0ob773.jpg 成功
2017-09-20 21:22:03 Err chlog.go.83 抓取图片 http://ws3.sinaimg.cn/large/006xa2u9gy1fjqb3bmrfrj30hs0np77b.jpg 成功
2017-09-20 21:22:03 Err chlog.go.83 抓取图片 http://ws3.sinaimg.cn/large/006c7Paely1fjqbf4i97kg308w05016q.gif 成功
2017-09-20 21:22:03 Err chlog.go.83 抓取图片 http://wx2.sinaimg.cn/large/752a0957ly1fjqbb2d29hj20dw0irtam.jpg 成功
2017-09-20 21:22:03 Err chlog.go.83 抓取图片 http://wx2.sinaimg.cn/large/752a0957ly1fjqbafr8fyj20zk0np7at.jpg 成功
2017-09-20 21:22:03 Err chlog.go.83 抓取图片 http://wx4.sinaimg.cn/large/752a0957ly1fjqba5zlvij20jg0ob773.jpg 成功
2017-09-20 21:22:03 Err chlog.go.83 抓取图片 http://ws3.sinaimg.cn/large/006xa2u9gy1fjqb3bmrfrj30hs0np77b.jpg 成功
2017-09-20 21:22:03 Err chlog.go.83 抓取图片 http://ws3.sinaimg.cn/large/006c7Paely1fjqbf4i97kg308w05016q.gif 成功
2017-09-20 21:22:03 Err chlog.go.83 抓取图片 http://wx2.sinaimg.cn/large/752a0957ly1fjqbb2d29hj20dw0irtam.jpg 成功
2017-09-20 21:22:03 Err chlog.go.83 抓取图片 http://wx2.sinaimg.cn/large/752a0957ly1fjqbafr8fyj20zk0np7at.jpg 成功
2017-09-20 21:22:03 Err chlog.go.83 抓取图片 http://wx4.sinaimg.cn/large/752a0957ly1fjqba5zlvij20jg0ob773.jpg 成功
2017-09-20 21:22:03 Err chlog.go.83 抓取图片 http://ws3.sinaimg.cn/large/006xa2u9gy1fjqb3bmrfrj30hs0np77b.jpg 成功
2017-09-20 21:22:04 Err chlog.go.83 抓取图片 http://ws3.sinaimg.cn/large/006c7Paely1fjqbf4i97kg308w05016q.gif 成功
2017-09-20 21:22:04 Err chlog.go.83 抓取图片 http://wx2.sinaimg.cn/large/752a0957ly1fjqbb2d29hj20dw0irtam.jpg 成功
2017-09-20 21:22:04 Err chlog.go.83 抓取图片 http://wx2.sinaimg.cn/large/752a0957ly1fjqbafr8fyj20zk0np7at.jpg 成功
2017-09-20 21:22:04 Err chlog.go.83 抓取图片 http://wx4.sinaimg.cn/large/752a0957ly1fjqba5zlvij20jg0ob773.jpg 成功
2017-09-20 21:22:04 Err chlog.go.83 抓取图片 http://ws3.sinaimg.cn/large/006xa2u9gy1fjqb3bmrfrj30hs0np77b.jpg 成功
2017-09-20 21:22:04 Err chlog.go.83 抓取图片 http://ws3.sinaimg.cn/large/006c7Paely1fjqbf4i97kg308w05016q.gif 成功
2017-09-20 21:22:04 Err chlog.go.83 抓取图片 http://wx2.sinaimg.cn/large/752a0957ly1fjqbb2d29hj20dw0irtam.jpg 成功
2017-09-20 21:22:04 Err chlog.go.83 抓取图片 http://wx2.sinaimg.cn/large/752a0957ly1fjqbafr8fyj20zk0np7at.jpg 成功
2017-09-20 21:22:04 Err chlog.go.83 抓取图片 http://wx4.sinaimg.cn/large/752a0957ly1fjqba5zlvij20jg0ob773.jpg 成功
2017-09-20 21:22:04 Err chlog.go.83 抓取图片 http://ws3.sinaimg.cn/large/006xa2u9gy1fjqb3bmrfrj30hs0np77b.jpg 成功
2017-09-20 21:22:04 Err chlog.go.83 抓取图片 http://ws3.sinaimg.cn/large/006c7Paely1fjqbf4i97kg308w05016q.gif 成功
2017-09-20 21:22:04 Err chlog.go.83 抓取图片 http://wx2.sinaimg.cn/large/752a0957ly1fjqbb2d29hj20dw0irtam.jpg 成功
2017-09-20 21:22:04 Err chlog.go.83 抓取图片 http://wx2.sinaimg.cn/large/752a0957ly1fjqbafr8fyj20zk0np7at.jpg 成功
2017-09-20 21:22:04 Err chlog.go.83 抓取图片 http://wx4.sinaimg.cn/large/752a0957ly1fjqba5zlvij20jg0ob773.jpg 成功
2017-09-20 21:22:04 Err chlog.go.83 抓取图片 http://ws3.sinaimg.cn/large/006xa2u9gy1fjqb3bmrfrj30hs0np77b.jpg 成功
2017-09-20 21:22:04 Err chlog.go.83 抓取图片 http://ws3.sinaimg.cn/large/006c7Paely1fjqbf4i97kg308w05016q.gif 成功
2017-09-20 21:22:04 Err chlog.go.83 抓取图片 http://wx2.sinaimg.cn/large/752a0957ly1fjqbb2d29hj20dw0irtam.jpg 成功
2017-09-20 21:22:04 Err chlog.go.83 抓取图片 http://wx2.sinaimg.cn/large/752a0957ly1fjqbafr8fyj20zk0np7at.jpg 成功
2017-09-20 21:22:04 Err chlog.go.83 抓取图片 http://wx4.sinaimg.cn/large/752a0957ly1fjqba5zlvij20jg0ob773.jpg 成功
2017-09-20 21:22:04 Err chlog.go.83 抓取图片 http://ws3.sinaimg.cn/large/006xa2u9gy1fjqb3bmrfrj30hs0np77b.jpg 成功
2017-09-20 21:22:04 Err chlog.go.83 抓取图片 http://ws3.sinaimg.cn/large/006c7Paely1fjqbf4i97kg308w05016q.gif 成功
2017-09-20 21:22:05 Err chlog.go.83 抓取图片 http://wx2.sinaimg.cn/large/752a0957ly1fjqbb2d29hj20dw0irtam.jpg 成功
2017-09-20 21:22:05 Err chlog.go.83 抓取图片 http://wx2.sinaimg.cn/large/752a0957ly1fjqbafr8fyj20zk0np7at.jpg 成功
2017-09-20 21:22:05 Err chlog.go.83 抓取图片 http://wx4.sinaimg.cn/large/752a0957ly1fjqba5zlvij20jg0ob773.jpg 成功
2017-09-20 21:22:05 Err chlog.go.83 抓取图片 http://ws3.sinaimg.cn/large/006xa2u9gy1fjqb3bmrfrj30hs0np77b.jpg 成功
2017-09-20 21:22:05 Err chlog.go.83 抓取图片 http://ws3.sinaimg.cn/large/006c7Paely1fjqbf4i97kg308w05016q.gif 成功
2017-09-20 21:22:05 Err chlog.go.83 抓取图片 http://wx2.sinaimg.cn/large/752a0957ly1fjqbb2d29hj20dw0irtam.jpg 成功
2017-09-20 21:22:05 Err chlog.go.83 抓取图片 http://wx2.sinaimg.cn/large/752a0957ly1fjqbafr8fyj20zk0np7at.jpg 成功
2017-09-20 21:22:05 Err chlog.go.83 抓取图片 http://wx4.sinaimg.cn/large/752a0957ly1fjqba5zlvij20jg0ob773.jpg 成功
2017-09-20 21:22:05 Err chlog.go.83 抓取图片 http://ws3.sinaimg.cn/large/006xa2u9gy1fjqb3bmrfrj30hs0np77b.jpg 成功
2017-09-20 21:22:05 Err chlog.go.83 抓取图片 http://ws3.sinaimg.cn/large/006c7Paely1fjqbf4i97kg308w05016q.gif 成功
2017-09-20 21:22:05 Err chlog.go.83 抓取图片 http://wx2.sinaimg.cn/large/752a0957ly1fjqbb2d29hj20dw0irtam.jpg 成功
2017-09-20 21:22:05 Err chlog.go.83 抓取图片 http://wx2.sinaimg.cn/large/752a0957ly1fjqbafr8fyj20zk0np7at.jpg 成功
2017-09-20 21:22:05 Err chlog.go.83 抓取图片 http://wx4.sinaimg.cn/large/752a0957ly1fjqba5zlvij20jg0ob773.jpg 成功
2017-09-20 21:22:05 Err chlog.go.83 抓取图片 http://ws3.sinaimg.cn/large/006xa2u9gy1fjqb3bmrfrj30hs0np77b.jpg 成功
2017-09-20 21:22:05 Err chlog.go.83 抓取图片 http://ws3.sinaimg.cn/large/006c7Paely1fjqbf4i97kg308w05016q.gif 成功
2017-09-20 21:22:05 Err chlog.go.83 抓取图片 http://wx2.sinaimg.cn/large/752a0957ly1fjqbb2d29hj20dw0irtam.jpg 成功
2017-09-20 21:22:05 Err chlog.go.83 抓取图片 http://wx2.sinaimg.cn/large/752a0957ly1fjqbafr8fyj20zk0np7at.jpg 成功
2017-09-20 21:22:05 Err chlog.go.83 抓取图片 http://wx4.sinaimg.cn/large/752a0957ly1fjqba5zlvij20jg0ob773.jpg 成功
2017-09-20 21:22:05 Err chlog.go.83 抓取图片 http://ws3.sinaimg.cn/large/006xa2u9gy1fjqb3bmrfrj30hs0np77b.jpg 成功
2017-09-20 21:22:05 Err chlog.go.83 抓取图片 http://ws3.sinaimg.cn/large/006c7Paely1fjqbf4i97kg308w05016q.gif 成功
2017-09-20 21:22:05 Err chlog.go.83 抓取图片 http://wx2.sinaimg.cn/large/752a0957ly1fjqbb2d29hj20dw0irtam.jpg 成功
2017-09-20 21:22:05 Err chlog.go.83 抓取图片 http://wx2.sinaimg.cn/large/752a0957ly1fjqbafr8fyj20zk0np7at.jpg 成功
2017-09-20 21:22:05 Err chlog.go.83 抓取图片 http://wx4.sinaimg.cn/large/752a0957ly1fjqba5zlvij20jg0ob773.jpg 成功
2017-09-20 21:22:06 Err chlog.go.83 抓取图片 http://ws3.sinaimg.cn/large/006xa2u9gy1fjqb3bmrfrj30hs0np77b.jpg 成功
2017-09-20 21:22:06 Err chlog.go.83 抓取图片 http://ws3.sinaimg.cn/large/006c7Paely1fjqbf4i97kg308w05016q.gif 成功
2017-09-20 21:22:06 Err chlog.go.83 抓取图片 http://wx2.sinaimg.cn/large/752a0957ly1fjqbb2d29hj20dw0irtam.jpg 成功
2017-09-20 21:22:06 Err chlog.go.83 抓取图片 http://wx2.sinaimg.cn/large/752a0957ly1fjqbafr8fyj20zk0np7at.jpg 成功
2017-09-20 21:22:06 Err chlog.go.83 抓取图片 http://wx4.sinaimg.cn/large/752a0957ly1fjqba5zlvij20jg0ob773.jpg 成功
2017-09-20 21:22:06 Err chlog.go.83 抓取图片 http://ws3.sinaimg.cn/large/006xa2u9gy1fjqb3bmrfrj30hs0np77b.jpg 成功
2017-09-20 21:22:06 Err chlog.go.83 抓取图片 http://ws3.sinaimg.cn/large/006c7Paely1fjqbf4i97kg308w05016q.gif 成功
2017-09-20 21:22:06 Err chlog.go.83 抓取图片 http://wx2.sinaimg.cn/large/752a0957ly1fjqbb2d29hj20dw0irtam.jpg 成功
2017-09-20 21:22:06 Err chlog.go.83 抓取图片 http://wx2.sinaimg.cn/large/752a0957ly1fjqbafr8fyj20zk0np7at.jpg 成功
2017-09-20 21:22:06 Err chlog.go.83 抓取图片 http://wx4.sinaimg.cn/large/752a0957ly1fjqba5zlvij20jg0ob773.jpg 成功
2017-09-20 21:22:06 Err chlog.go.83 抓取图片 http://ws3.sinaimg.cn/large/006xa2u9gy1fjqb3bmrfrj30hs0np77b.jpg 成功
2017-09-20 21:22:06 Err chlog.go.83 抓取图片 http://ws3.sinaimg.cn/large/006c7Paely1fjqbf4i97kg308w05016q.gif 成功
2017-09-20 21:22:06 Err chlog.go.83 抓取图片 http://wx2.sinaimg.cn/large/752a0957ly1fjqbb2d29hj20dw0irtam.jpg 成功
2017-09-20 21:22:06 Err chlog.go.83 抓取图片 http://wx2.sinaimg.cn/large/752a0957ly1fjqbafr8fyj20zk0np7at.jpg 成功
2017-09-20 21:22:06 Err chlog.go.83 抓取图片 http://wx4.sinaimg.cn/large/752a0957ly1fjqba5zlvij20jg0ob773.jpg 成功
2017-09-20 21:22:06 Err chlog.go.83 抓取图片 http://ws3.sinaimg.cn/large/006xa2u9gy1fjqb3bmrfrj30hs0np77b.jpg 成功
2017-09-20 21:22:06 Err chlog.go.83 抓取图片 http://ws3.sinaimg.cn/large/006c7Paely1fjqbf4i97kg308w05016q.gif 成功
2017-09-20 21:22:06 Err chlog.go.83 抓取图片 http://wx2.sinaimg.cn/large/752a0957ly1fjqbb2d29hj20dw0irtam.jpg 成功
2017-09-20 21:22:06 Err chlog.go.83 抓取图片 http://wx2.sinaimg.cn/large/752a0957ly1fjqbafr8fyj20zk0np7at.jpg 成功
2017-09-20 21:22:06 Err chlog.go.83 抓取图片 http://wx4.sinaimg.cn/large/752a0957ly1fjqba5zlvij20jg0ob773.jpg 成功
2017-09-20 21:22:06 Err chlog.go.83 抓取图片 http://ws3.sinaimg.cn/large/006xa2u9gy1fjqb3bmrfrj30hs0np77b.jpg 成功
2017-09-20 21:22:06 Err chlog.go.83 抓取图片 http://ws3.sinaimg.cn/large/006c7Paely1fjqbf4i97kg308w05016q.gif 成功
2017-09-20 21:22:06 Err chlog.go.83 抓取图片 http://wx2.sinaimg.cn/large/752a0957ly1fjqbb2d29hj20dw0irtam.jpg 成功
2017-09-20 21:22:06 Err chlog.go.83 抓取图片 http://wx2.sinaimg.cn/large/752a0957ly1fjqbafr8fyj20zk0np7at.jpg 成功
2017-09-20 21:22:07 Err chlog.go.83 抓取图片 http://wx4.sinaimg.cn/large/752a0957ly1fjqba5zlvij20jg0ob773.jpg 成功
2017-09-20 21:22:07 Err chlog.go.83 抓取图片 http://ws3.sinaimg.cn/large/006xa2u9gy1fjqb3bmrfrj30hs0np77b.jpg 成功
2017-09-20 21:22:07 Err chlog.go.83 抓取图片 http://ws3.sinaimg.cn/large/006c7Paely1fjqbf4i97kg308w05016q.gif 成功
2017-09-20 21:22:07 Err chlog.go.83 抓取图片 http://wx2.sinaimg.cn/large/752a0957ly1fjqbb2d29hj20dw0irtam.jpg 成功
2017-09-20 21:22:07 Err chlog.go.83 抓取图片 http://wx2.sinaimg.cn/large/752a0957ly1fjqbafr8fyj20zk0np7at.jpg 成功
2017-09-20 21:22:07 Err chlog.go.83 抓取图片 http://wx4.sinaimg.cn/large/752a0957ly1fjqba5zlvij20jg0ob773.jpg 成功
2017-09-20 21:22:07 Err chlog.go.83 抓取图片 http://ws3.sinaimg.cn/large/006xa2u9gy1fjqb3bmrfrj30hs0np77b.jpg 成功
2017-09-20 21:22:07 Err chlog.go.83 抓取图片 http://ws3.sinaimg.cn/large/006c7Paely1fjqbf4i97kg308w05016q.gif 成功
2017-09-20 21:22:07 Err chlog.go.83 抓取图片 http://wx2.sinaimg.cn/large/752a0957ly1fjqbb2d29hj20dw0irtam.jpg 成功
2017-09-20 21:22:07 Err chlog.go.83 抓取图片 http://wx2.sinaimg.cn/large/752a0957ly1fjqbafr8fyj20zk0np7at.jpg 成功
2017-09-20 21:22:07 Err chlog.go.83 抓取图片 http://wx4.sinaimg.cn/large/752a0957ly1fjqba5zlvij20jg0ob773.jpg 成功
2017-09-20 21:22:07 Err chlog.go.83 抓取图片 http://ws3.sinaimg.cn/large/006xa2u9gy1fjqb3bmrfrj30hs0np77b.jpg 成功
2017-09-20 21:22:07 Err chlog.go.83 抓取图片 http://ws3.sinaimg.cn/large/006c7Paely1fjqbf4i97kg308w05016q.gif 成功
2017-09-20 21:22:07 Err chlog.go.83 抓取图片 http://wx2.sinaimg.cn/large/752a0957ly1fjqbb2d29hj20dw0irtam.jpg 成功
2017-09-20 21:22:07 Err chlog.go.83 抓取图片 http://wx2.sinaimg.cn/large/752a0957ly1fjqbafr8fyj20zk0np7at.jpg 成功
2017-09-20 21:22:07 Err chlog.go.83 抓取图片 http://wx4.sinaimg.cn/large/752a0957ly1fjqba5zlvij20jg0ob773.jpg 成功
2017-09-20 21:22:07 Err chlog.go.83 抓取图片 http://ws3.sinaimg.cn/large/006xa2u9gy1fjqb3bmrfrj30hs0np77b.jpg 成功
2017-09-20 21:22:07 Err chlog.go.83 抓取图片 http://ws3.sinaimg.cn/large/006c7Paely1fjqbf4i97kg308w05016q.gif 成功
2017-09-20 21:22:07 Err chlog.go.83 抓取图片 http://wx2.sinaimg.cn/large/752a0957ly1fjqbb2d29hj20dw0irtam.jpg 成功
2017-09-20 21:22:07 Err chlog.go.83 抓取图片 http://wx2.sinaimg.cn/large/752a0957ly1fjqbafr8fyj20zk0np7at.jpg 成功
2017-09-20 21:22:07 Err chlog.go.83 抓取图片 http://wx4.sinaimg.cn/large/752a0957ly1fjqba5zlvij20jg0ob773.jpg 成功
2017-09-20 21:22:07 Err chlog.go.83 抓取图片 http://ws3.sinaimg.cn/large/006xa2u9gy1fjqb3bmrfrj30hs0np77b.jpg 成功
2017-09-20 21:22:08 Err chlog.go.83 抓取图片 http://ws3.sinaimg.cn/large/006c7Paely1fjqbf4i97kg308w05016q.gif 成功
2017-09-20 21:22:08 Err chlog.go.83 抓取图片 http://wx2.sinaimg.cn/large/752a0957ly1fjqbb2d29hj20dw0irtam.jpg 成功
2017-09-20 21:22:08 Err chlog.go.83 抓取图片 http://wx2.sinaimg.cn/large/752a0957ly1fjqbafr8fyj20zk0np7at.jpg 成功
2017-09-20 21:22:08 Err chlog.go.83 抓取图片 http://wx4.sinaimg.cn/large/752a0957ly1fjqba5zlvij20jg0ob773.jpg 成功
2017-09-20 21:22:08 Err chlog.go.83 抓取图片 http://ws3.sinaimg.cn/large/006xa2u9gy1fjqb3bmrfrj30hs0np77b.jpg 成功
2017-09-20 21:22:08 Err chlog.go.83 抓取图片 http://ws3.sinaimg.cn/large/006c7Paely1fjqbf4i97kg308w05016q.gif 成功
2017-09-20 21:22:08 Err chlog.go.83 抓取图片 http://wx2.sinaimg.cn/large/752a0957ly1fjqbb2d29hj20dw0irtam.jpg 成功
2017-09-20 21:22:08 Err chlog.go.83 抓取图片 http://wx2.sinaimg.cn/large/752a0957ly1fjqbafr8fyj20zk0np7at.jpg 成功
2017-09-20 21:22:08 Err chlog.go.83 抓取图片 http://wx4.sinaimg.cn/large/752a0957ly1fjqba5zlvij20jg0ob773.jpg 成功
2017-09-20 21:22:08 Err chlog.go.83 抓取图片 http://ws3.sinaimg.cn/large/006xa2u9gy1fjqb3bmrfrj30hs0np77b.jpg 成功
2017-09-20 21:22:08 Err chlog.go.83 抓取图片 http://ws3.sinaimg.cn/large/006c7Paely1fjqbf4i97kg308w05016q.gif 成功
2017-09-20 21:22:08 Err chlog.go.83 抓取图片 http://wx2.sinaimg.cn/large/752a0957ly1fjqbb2d29hj20dw0irtam.jpg 成功
2017-09-20 21:22:08 Err chlog.go.83 抓取图片 http://wx2.sinaimg.cn/large/752a0957ly1fjqbafr8fyj20zk0np7at.jpg 成功
2017-09-20 21:22:08 Err chlog.go.83 抓取图片 http://wx4.sinaimg.cn/large/752a0957ly1fjqba5zlvij20jg0ob773.jpg 成功
2017-09-20 21:22:08 Err chlog.go.83 抓取图片 http://ws3.sinaimg.cn/large/006xa2u9gy1fjqb3bmrfrj30hs0np77b.jpg 成功
2017-09-20 21:22:08 Err chlog.go.83 抓取图片 http://ws3.sinaimg.cn/large/006c7Paely1fjqbf4i97kg308w05016q.gif 成功
2017-09-20 21:22:08 Err chlog.go.83 抓取图片 http://wx2.sinaimg.cn/large/752a0957ly1fjqbb2d29hj20dw0irtam.jpg 成功
2017-09-20 21:22:08 Err chlog.go.83 抓取图片 http://wx2.sinaimg.cn/large/752a0957ly1fjqbafr8fyj20zk0np7at.jpg 成功
2017-09-20 21:22:08 Err chlog.go.83 抓取图片 http://wx4.sinaimg.cn/large/752a0957ly1fjqba5zlvij20jg0ob773.jpg 成功
2017-09-20 21:22:08 Err chlog.go.83 抓取图片 http://ws3.sinaimg.cn/large/006xa2u9gy1fjqb3bmrfrj30hs0np77b.jpg 成功
2017-09-20 21:22:08 Err chlog.go.83 抓取图片 http://ws3.sinaimg.cn/large/006c7Paely1fjqbf4i97kg308w05016q.gif 成功
2017-09-20 21:22:08 Err chlog.go.83 抓取图片 http://wx2.sinaimg.cn/large/752a0957ly1fjqbb2d29hj20dw0irtam.jpg 成功
2017-09-20 21:22:08 Err chlog.go.83 抓取图片 http://wx2.sinaimg.cn/large/752a0957ly1fjqbafr8fyj20zk0np7at.jpg 成功
2017-09-20 21:22:09 Err chlog.go.83 抓取图片 http://wx4.sinaimg.cn/large/752a0957ly1fjqba5zlvij20jg0ob773.jpg 成功
2017-09-20 21:22:09 Err chlog.go.83 抓取图片 http://ws3.sinaimg.cn/large/006xa2u9gy1fjqb3bmrfrj30hs0np77b.jpg 成功
2017-09-20 21:22:09 Err chlog.go.83 抓取图片 http://ws3.sinaimg.cn/large/006c7Paely1fjqbf4i97kg308w05016q.gif 成功
2017-09-20 21:22:09 Err chlog.go.83 抓取图片 http://wx2.sinaimg.cn/large/752a0957ly1fjqbb2d29hj20dw0irtam.jpg 成功
2017-09-20 21:22:09 Err chlog.go.83 抓取图片 http://wx2.sinaimg.cn/large/752a0957ly1fjqbafr8fyj20zk0np7at.jpg 成功
2017-09-20 21:22:09 Err chlog.go.83 抓取图片 http://wx4.sinaimg.cn/large/752a0957ly1fjqba5zlvij20jg0ob773.jpg 成功
2017-09-20 21:22:09 Err chlog.go.83 抓取图片 http://ws3.sinaimg.cn/large/006xa2u9gy1fjqb3bmrfrj30hs0np77b.jpg 成功
2017-09-20 21:22:09 Err chlog.go.83 抓取图片 http://ws3.sinaimg.cn/large/006c7Paely1fjqbf4i97kg308w05016q.gif 成功
2017-09-20 21:22:09 Err chlog.go.83 抓取图片 http://wx2.sinaimg.cn/large/752a0957ly1fjqbb2d29hj20dw0irtam.jpg 成功
2017-09-20 21:22:09 Err chlog.go.83 抓取图片 http://wx2.sinaimg.cn/large/752a0957ly1fjqbafr8fyj20zk0np7at.jpg 成功
2017-09-20 21:22:09 Err chlog.go.83 抓取图片 http://wx4.sinaimg.cn/large/752a0957ly1fjqba5zlvij20jg0ob773.jpg 成功
2017-09-20 21:22:09 Err chlog.go.83 抓取图片 http://ws3.sinaimg.cn/large/006xa2u9gy1fjqb3bmrfrj30hs0np77b.jpg 成功
2017-09-20 21:22:09 Err chlog.go.83 抓取图片 http://ws3.sinaimg.cn/large/006c7Paely1fjqbf4i97kg308w05016q.gif 成功
2017-09-20 21:22:09 Err chlog.go.83 抓取图片 http://wx2.sinaimg.cn/large/752a0957ly1fjqbb2d29hj20dw0irtam.jpg 成功
2017-09-20 21:22:09 Err chlog.go.83 抓取图片 http://wx2.sinaimg.cn/large/752a0957ly1fjqbafr8fyj20zk0np7at.jpg 成功
2017-09-20 21:22:09 Err chlog.go.83 抓取图片 http://wx4.sinaimg.cn/large/752a0957ly1fjqba5zlvij20jg0ob773.jpg 成功
2017-09-20 21:22:09 Err chlog.go.83 抓取图片 http://ws3.sinaimg.cn/large/006xa2u9gy1fjqb3bmrfrj30hs0np77b.jpg 成功
2017-09-20 21:22:09 Err chlog.go.83 抓取图片 http://ws3.sinaimg.cn/large/006c7Paely1fjqbf4i97kg308w05016q.gif 成功
2017-09-20 21:22:09 Err chlog.go.83 抓取图片 http://wx2.sinaimg.cn/large/752a0957ly1fjqbb2d29hj20dw0irtam.jpg 成功
2017-09-20 21:22:09 Err chlog.go.83 抓取图片 http://wx2.sinaimg.cn/large/752a0957ly1fjqbafr8fyj20zk0np7at.jpg 成功
2017-09-20 21:22:09 Err chlog.go.83 抓取图片 http://wx4.sinaimg.cn/large/752a0957ly1fjqba5zlvij20jg0ob773.jpg 成功
2017-09-20 21:22:09 Err chlog.go.83 抓取图片 http://ws3.sinaimg.cn/large/006xa2u9gy1fjqb3bmrfrj30hs0np77b.jpg 成功
2017-09-20 21:22:10 Err chlog.go.83 抓取图片 http://ws3.sinaimg.cn/large/006c7Paely1fjqbf4i97kg308w05016q.gif 成功
2017-09-20 21:22:10 Err chlog.go.83 抓取图片 http://wx2.sinaimg.cn/large/752a0957ly1fjqbb2d29hj20dw0irtam.jpg 成功
2017-09-20 21:22:10 Err chlog.go.83 抓取图片 http://wx2.sinaimg.cn/large/752a0957ly1fjqbafr8fyj20zk0np7at.jpg 成功
2017-09-20 21:22:10 Err chlog.go.83 抓取图片 http://wx4.sinaimg.cn/large/752a0957ly1fjqba5zlvij20jg0ob773.jpg 成功
2017-09-20 21:22:10 Err chlog.go.83 抓取图片 http://ws3.sinaimg.cn/large/006xa2u9gy1fjqb3bmrfrj30hs0np77b.jpg 成功
2017-09-20 21:22:10 Err chlog.go.83 抓取图片 http://ws3.sinaimg.cn/large/006c7Paely1fjqbf4i97kg308w05016q.gif 成功
2017-09-20 21:22:10 Err chlog.go.83 抓取图片 http://wx2.sinaimg.cn/large/752a0957ly1fjqbb2d29hj20dw0irtam.jpg 成功
2017-09-20 21:22:10 Err chlog.go.83 抓取图片 http://wx2.sinaimg.cn/large/752a0957ly1fjqbafr8fyj20zk0np7at.jpg 成功
2017-09-20 21:22:10 Err chlog.go.83 抓取图片 http://wx4.sinaimg.cn/large/752a0957ly1fjqba5zlvij20jg0ob773.jpg 成功
2017-09-20 21:22:10 Err chlog.go.83 抓取图片 http://ws3.sinaimg.cn/large/006xa2u9gy1fjqb3bmrfrj30hs0np77b.jpg 成功
2017-09-20 21:22:10 Err chlog.go.83 抓取图片 http://ws3.sinaimg.cn/large/006c7Paely1fjqbf4i97kg308w05016q.gif 成功
2017-09-20 21:22:10 Err chlog.go.83 抓取图片 http://wx2.sinaimg.cn/large/752a0957ly1fjqbb2d29hj20dw0irtam.jpg 成功
2017-09-20 21:22:10 Err chlog.go.83 抓取图片 http://wx2.sinaimg.cn/large/752a0957ly1fjqbafr8fyj20zk0np7at.jpg 成功
2017-09-20 21:22:10 Err chlog.go.83 抓取图片 http://wx4.sinaimg.cn/large/752a0957ly1fjqba5zlvij20jg0ob773.jpg 成功
2017-09-20 21:22:10 Err chlog.go.83 抓取图片 http://ws3.sinaimg.cn/large/006xa2u9gy1fjqb3bmrfrj30hs0np77b.jpg 成功
2017-09-20 21:22:10 Err chlog.go.83 抓取图片 http://ws3.sinaimg.cn/large/006c7Paely1fjqbf4i97kg308w05016q.gif 成功
2017-09-20 21:22:10 Err chlog.go.83 抓取图片 http://wx2.sinaimg.cn/large/752a0957ly1fjqbb2d29hj20dw0irtam.jpg 成功
2017-09-20 21:22:10 Err chlog.go.83 抓取图片 http://wx2.sinaimg.cn/large/752a0957ly1fjqbafr8fyj20zk0np7at.jpg 成功
2017-09-20 21:22:10 Err chlog.go.83 抓取图片 http://wx4.sinaimg.cn/large/752a0957ly1fjqba5zlvij20jg0ob773.jpg 成功
2017-09-20 21:22:10 Err chlog.go.83 抓取图片 http://ws3.sinaimg.cn/large/006xa2u9gy1fjqb3bmrfrj30hs0np77b.jpg 成功
2017-09-20 21:22:10 Err chlog.go.83 抓取图片 http://ws3.sinaimg.cn/large/006c7Paely1fjqbf4i97kg308w05016q.gif 成功
2017-09-20 21:22:10 Err chlog.go.83 抓取图片 http://wx2.sinaimg.cn/large/752a0957ly1fjqbb2d29hj20dw0irtam.jpg 成功
2017-09-20 21:22:11 Err chlog.go.83 抓取图片 http://wx2.sinaimg.cn/large/752a0957ly1fjqbafr8fyj20zk0np7at.jpg 成功
2017-09-20 21:22:11 Err chlog.go.83 抓取图片 http://wx4.sinaimg.cn/large/752a0957ly1fjqba5zlvij20jg0ob773.jpg 成功
2017-09-20 21:22:11 Err chlog.go.83 抓取图片 http://ws3.sinaimg.cn/large/006xa2u9gy1fjqb3bmrfrj30hs0np77b.jpg 成功
2017-09-20 21:22:11 Err chlog.go.83 抓取图片 http://ws3.sinaimg.cn/large/006c7Paely1fjqbf4i97kg308w05016q.gif 成功
2017-09-20 21:22:11 Err chlog.go.83 抓取图片 http://wx2.sinaimg.cn/large/752a0957ly1fjqbb2d29hj20dw0irtam.jpg 成功
2017-09-20 21:22:11 Err chlog.go.83 抓取图片 http://wx2.sinaimg.cn/large/752a0957ly1fjqbafr8fyj20zk0np7at.jpg 成功
2017-09-20 21:22:11 Err chlog.go.83 抓取图片 http://wx4.sinaimg.cn/large/752a0957ly1fjqba5zlvij20jg0ob773.jpg 成功
2017-09-20 21:22:11 Err chlog.go.83 抓取图片 http://ws3.sinaimg.cn/large/006xa2u9gy1fjqb3bmrfrj30hs0np77b.jpg 成功
2017-09-20 21:22:11 Err chlog.go.83 抓取图片 http://ws3.sinaimg.cn/large/006c7Paely1fjqbf4i97kg308w05016q.gif 成功
2017-09-20 21:22:11 Err chlog.go.83 抓取图片 http://wx2.sinaimg.cn/large/752a0957ly1fjqbb2d29hj20dw0irtam.jpg 成功
2017-09-20 21:22:11 Err chlog.go.83 抓取图片 http://wx2.sinaimg.cn/large/752a0957ly1fjqbafr8fyj20zk0np7at.jpg 成功
2017-09-20 21:22:11 Err chlog.go.83 抓取图片 http://wx4.sinaimg.cn/large/752a0957ly1fjqba5zlvij20jg0ob773.jpg 成功
2017-09-20 21:22:11 Err chlog.go.83 抓取图片 http://ws3.sinaimg.cn/large/006xa2u9gy1fjqb3bmrfrj30hs0np77b.jpg 成功
2017-09-20 21:22:11 Err chlog.go.83 抓取图片 http://ws3.sinaimg.cn/large/006c7Paely1fjqbf4i97kg308w05016q.gif 成功
2017-09-20 21:22:11 Err chlog.go.83 抓取图片 http://wx2.sinaimg.cn/large/752a0957ly1fjqbb2d29hj20dw0irtam.jpg 成功
2017-09-20 21:22:11 Err chlog.go.83 抓取图片 http://wx2.sinaimg.cn/large/752a0957ly1fjqbafr8fyj20zk0np7at.jpg 成功
2017-09-20 21:22:11 Err chlog.go.83 抓取图片 http://wx4.sinaimg.cn/large/752a0957ly1fjqba5zlvij20jg0ob773.jpg 成功
2017-09-20 21:22:11 Err chlog.go.83 抓取图片 http://ws3.sinaimg.cn/large/006xa2u9gy1fjqb3bmrfrj30hs0np77b.jpg 成功
2017-09-20 21:22:11 Err chlog.go.83 抓取图片 http://ws3.sinaimg.cn/large/006c7Paely1fjqbf4i97kg308w05016q.gif 成功
2017-09-20 21:22:11 Err chlog.go.83 抓取图片 http://wx2.sinaimg.cn/large/752a0957ly1fjqbb2d29hj20dw0irtam.jpg 成功
2017-09-20 21:22:11 Err chlog.go.83 抓取图片 http://wx2.sinaimg.cn/large/752a0957ly1fjqbafr8fyj20zk0np7at.jpg 成功
2017-09-20 21:22:11 Err chlog.go.83 抓取图片 http://wx4.sinaimg.cn/large/752a0957ly1fjqba5zlvij20jg0ob773.jpg 成功
2017-09-20 21:22:11 Err chlog.go.83 抓取图片 http://ws3.sinaimg.cn/large/006xa2u9gy1fjqb3bmrfrj30hs0np77b.jpg 成功
2017-09-20 21:22:12 Err chlog.go.83 抓取图片 http://ws3.sinaimg.cn/large/006c7Paely1fjqbf4i97kg308w05016q.gif 成功
2017-09-20 21:22:12 Err chlog.go.83 抓取图片 http://wx2.sinaimg.cn/large/752a0957ly1fjqbb2d29hj20dw0irtam.jpg 成功
2017-09-20 21:22:12 Err chlog.go.83 抓取图片 http://wx2.sinaimg.cn/large/752a0957ly1fjqbafr8fyj20zk0np7at.jpg 成功
2017-09-20 21:22:12 Err chlog.go.83 抓取图片 http://wx4.sinaimg.cn/large/752a0957ly1fjqba5zlvij20jg0ob773.jpg 成功
2017-09-20 21:22:12 Err chlog.go.83 抓取图片 http://ws3.sinaimg.cn/large/006xa2u9gy1fjqb3bmrfrj30hs0np77b.jpg 成功
2017-09-20 21:22:12 Err chlog.go.83 抓取图片 http://ws3.sinaimg.cn/large/006c7Paely1fjqbf4i97kg308w05016q.gif 成功
2017-09-20 21:22:12 Err chlog.go.83 抓取图片 http://wx2.sinaimg.cn/large/752a0957ly1fjqbb2d29hj20dw0irtam.jpg 成功
2017-09-20 21:22:12 Err chlog.go.83 抓取图片 http://wx2.sinaimg.cn/large/752a0957ly1fjqbafr8fyj20zk0np7at.jpg 成功
2017-09-20 21:22:12 Err chlog.go.83 抓取图片 http://wx4.sinaimg.cn/large/752a0957ly1fjqba5zlvij20jg0ob773.jpg 成功
2017-09-20 21:22:12 Err chlog.go.83 抓取图片 http://ws3.sinaimg.cn/large/006xa2u9gy1fjqb3bmrfrj30hs0np77b.jpg 成功
2017-09-20 21:22:12 Err chlog.go.83 抓取图片 http://ws3.sinaimg.cn/large/006c7Paely1fjqbf4i97kg308w05016q.gif 成功
2017-09-20 21:22:12 Err chlog.go.83 抓取图片 http://wx2.sinaimg.cn/large/752a0957ly1fjqbb2d29hj20dw0irtam.jpg 成功
2017-09-20 21:22:12 Err chlog.go.83 抓取图片 http://wx2.sinaimg.cn/large/752a0957ly1fjqbafr8fyj20zk0np7at.jpg 成功
2017-09-20 21:22:12 Err chlog.go.83 抓取图片 http://wx4.sinaimg.cn/large/752a0957ly1fjqba5zlvij20jg0ob773.jpg 成功
2017-09-20 21:22:12 Err chlog.go.83 抓取图片 http://ws3.sinaimg.cn/large/006xa2u9gy1fjqb3bmrfrj30hs0np77b.jpg 成功
2017-09-20 21:22:12 Err chlog.go.83 抓取图片 http://ws3.sinaimg.cn/large/006c7Paely1fjqbf4i97kg308w05016q.gif 成功
2017-09-20 21:22:12 Err chlog.go.83 抓取图片 http://wx2.sinaimg.cn/large/752a0957ly1fjqbb2d29hj20dw0irtam.jpg 成功
2017-09-20 21:22:12 Err chlog.go.83 抓取图片 http://wx2.sinaimg.cn/large/752a0957ly1fjqbafr8fyj20zk0np7at.jpg 成功
2017-09-20 21:22:12 Err chlog.go.83 抓取图片 http://wx4.sinaimg.cn/large/752a0957ly1fjqba5zlvij20jg0ob773.jpg 成功
2017-09-20 21:22:12 Err chlog.go.83 抓取图片 http://ws3.sinaimg.cn/large/006xa2u9gy1fjqb3bmrfrj30hs0np77b.jpg 成功
2017-09-20 21:22:12 Err chlog.go.83 抓取图片 http://ws3.sinaimg.cn/large/006c7Paely1fjqbf4i97kg308w05016q.gif 成功
2017-09-20 21:22:12 Err chlog.go.83 抓取图片 http://wx2.sinaimg.cn/large/752a0957ly1fjqbb2d29hj20dw0irtam.jpg 成功
2017-09-20 21:22:12 Err chlog.go.83 抓取图片 http://wx2.sinaimg.cn/large/752a0957ly1fjqbafr8fyj20zk0np7at.jpg 成功
2017-09-20 21:22:12 Err chlog.go.83 抓取图片 http://wx4.sinaimg.cn/large/752a0957ly1fjqba5zlvij20jg0ob773.jpg 成功
2017-09-20 21:22:13 Err chlog.go.83 抓取图片 http://ws3.sinaimg.cn/large/006xa2u9gy1fjqb3bmrfrj30hs0np77b.jpg 成功
2017-09-20 21:22:13 Err chlog.go.83 抓取图片 http://ws3.sinaimg.cn/large/006c7Paely1fjqbf4i97kg308w05016q.gif 成功
2017-09-20 21:22:13 Err chlog.go.83 抓取图片 http://wx2.sinaimg.cn/large/752a0957ly1fjqbb2d29hj20dw0irtam.jpg 成功
2017-09-20 21:22:13 Err chlog.go.83 抓取图片 http://wx2.sinaimg.cn/large/752a0957ly1fjqbafr8fyj20zk0np7at.jpg 成功
2017-09-20 21:22:13 Err chlog.go.83 抓取图片 http://wx4.sinaimg.cn/large/752a0957ly1fjqba5zlvij20jg0ob773.jpg 成功
2017-09-20 21:22:13 Err chlog.go.83 抓取图片 http://ws3.sinaimg.cn/large/006xa2u9gy1fjqb3bmrfrj30hs0np77b.jpg 成功
2017-09-20 21:22:13 Err chlog.go.83 抓取图片 http://ws3.sinaimg.cn/large/006c7Paely1fjqbf4i97kg308w05016q.gif 成功
2017-09-20 21:22:13 Err chlog.go.83 抓取图片 http://wx2.sinaimg.cn/large/752a0957ly1fjqbb2d29hj20dw0irtam.jpg 成功
2017-09-20 21:22:13 Err chlog.go.83 抓取图片 http://wx2.sinaimg.cn/large/752a0957ly1fjqbafr8fyj20zk0np7at.jpg 成功
2017-09-20 21:22:13 Err chlog.go.83 抓取图片 http://wx4.sinaimg.cn/large/752a0957ly1fjqba5zlvij20jg0ob773.jpg 成功
2017-09-20 21:22:13 Err chlog.go.83 抓取图片 http://ws3.sinaimg.cn/large/006xa2u9gy1fjqb3bmrfrj30hs0np77b.jpg 成功
2017-09-20 21:22:13 Err chlog.go.83 抓取图片 http://ws3.sinaimg.cn/large/006c7Paely1fjqbf4i97kg308w05016q.gif 成功
2017-09-20 21:22:13 Err chlog.go.83 抓取图片 http://wx2.sinaimg.cn/large/752a0957ly1fjqbb2d29hj20dw0irtam.jpg 成功
2017-09-20 21:22:13 Err chlog.go.83 抓取图片 http://wx2.sinaimg.cn/large/752a0957ly1fjqbafr8fyj20zk0np7at.jpg 成功
2017-09-20 21:22:13 Err chlog.go.83 抓取图片 http://wx4.sinaimg.cn/large/752a0957ly1fjqba5zlvij20jg0ob773.jpg 成功
2017-09-20 21:22:13 Err chlog.go.83 抓取图片 http://ws3.sinaimg.cn/large/006xa2u9gy1fjqb3bmrfrj30hs0np77b.jpg 成功
2017-09-20 21:22:13 Err chlog.go.83 抓取图片 http://ws3.sinaimg.cn/large/006c7Paely1fjqbf4i97kg308w05016q.gif 成功
2017-09-20 21:22:13 Err chlog.go.83 抓取图片 http://wx2.sinaimg.cn/large/752a0957ly1fjqbb2d29hj20dw0irtam.jpg 成功
2017-09-20 21:22:13 Err chlog.go.83 抓取图片 http://wx2.sinaimg.cn/large/752a0957ly1fjqbafr8fyj20zk0np7at.jpg 成功
2017-09-20 21:22:13 Err chlog.go.83 抓取图片 http://wx4.sinaimg.cn/large/752a0957ly1fjqba5zlvij20jg0ob773.jpg 成功
2017-09-20 21:22:13 Err chlog.go.83 抓取图片 http://ws3.sinaimg.cn/large/006xa2u9gy1fjqb3bmrfrj30hs0np77b.jpg 成功
2017-09-20 21:22:13 Err chlog.go.83 抓取图片 http://ws3.sinaimg.cn/large/006c7Paely1fjqbf4i97kg308w05016q.gif 成功
2017-09-20 21:22:14 Err chlog.go.83 抓取图片 http://wx2.sinaimg.cn/large/752a0957ly1fjqbb2d29hj20dw0irtam.jpg 成功
2017-09-20 21:22:14 Err chlog.go.83 抓取图片 http://wx2.sinaimg.cn/large/752a0957ly1fjqbafr8fyj20zk0np7at.jpg 成功
2017-09-20 21:22:14 Err chlog.go.83 抓取图片 http://wx4.sinaimg.cn/large/752a0957ly1fjqba5zlvij20jg0ob773.jpg 成功
2017-09-20 21:22:14 Err chlog.go.83 抓取图片 http://ws3.sinaimg.cn/large/006xa2u9gy1fjqb3bmrfrj30hs0np77b.jpg 成功
2017-09-20 21:22:14 Err chlog.go.83 抓取图片 http://ws3.sinaimg.cn/large/006c7Paely1fjqbf4i97kg308w05016q.gif 成功
2017-09-20 21:22:14 Err chlog.go.83 抓取图片 http://wx2.sinaimg.cn/large/752a0957ly1fjqbb2d29hj20dw0irtam.jpg 成功
2017-09-20 21:22:14 Err chlog.go.83 抓取图片 http://wx2.sinaimg.cn/large/752a0957ly1fjqbafr8fyj20zk0np7at.jpg 成功
2017-09-20 21:22:14 Err chlog.go.83 抓取图片 http://wx4.sinaimg.cn/large/752a0957ly1fjqba5zlvij20jg0ob773.jpg 成功
2017-09-20 21:22:14 Err chlog.go.83 抓取图片 http://ws3.sinaimg.cn/large/006xa2u9gy1fjqb3bmrfrj30hs0np77b.jpg 成功
2017-09-20 21:25:16 Err chlog.go.83 抓取图片 http://ws3.sinaimg.cn/large/006c7Paely1fjqbf4i97kg308w05016q.gif 成功
2017-09-20 21:25:16 Err chlog.go.83 抓取图片 http://wx2.sinaimg.cn/large/752a0957ly1fjqbb2d29hj20dw0irtam.jpg 成功
2017-09-20 21:25:16 Err chlog.go.83 抓取图片 http://wx2.sinaimg.cn/large/752a0957ly1fjqbafr8fyj20zk0np7at.jpg 成功
2017-09-20 21:25:16 Err chlog.go.83 抓取图片 http://wx4.sinaimg.cn/large/752a0957ly1fjqba5zlvij20jg0ob773.jpg 成功
2017-09-20 21:25:17 Err chlog.go.83 抓取图片 http://ws3.sinaimg.cn/large/006xa2u9gy1fjqb3bmrfrj30hs0np77b.jpg 成功
2017-09-20 21:26:13 Err chlog.go.83 抓取图片 http://ws2.sinaimg.cn/large/bdf55416gy1fjqaek8ggoj20u01hcn0r.jpg 成功
2017-09-20 21:26:14 Err chlog.go.83 抓取图片 http://ws4.sinaimg.cn/large/bdf55416gy1fjq90tou3ig20a00hs1ky.gif 成功
2017-09-20 21:26:14 Err chlog.go.83 抓取图片 http://wx4.sinaimg.cn/large/006Txc22gy1fjq8l4w16bj30hs0npwgb.jpg 成功
2017-09-20 21:26:14 Err chlog.go.83 抓取图片 http://wx1.sinaimg.cn/large/005X587ply1fjq80ds9k8j30dw0dwq61.jpg 成功
2017-09-20 21:26:14 Err chlog.go.83 抓取图片 http://wx2.sinaimg.cn/large/661eb95cgy1fjmcjqrlvfj20fo0pb0y9.jpg 成功
2017-09-20 21:26:14 Err chlog.go.83 抓取图片 http://wx4.sinaimg.cn/large/661eb95cgy1fjmcjrg98xj20fo0nsalw.jpg 成功
2017-09-20 21:26:14 Err chlog.go.83 抓取图片 http://wx3.sinaimg.cn/large/661eb95cgy1fjmcjrzp3ij20e90jgn1h.jpg 成功
2017-09-20 21:26:14 Err chlog.go.83 抓取图片 http://wx4.sinaimg.cn/large/9f0e9ec6gy1fjq6rysgttj20jk0sfnf3.jpg 成功
2017-09-20 21:26:14 Err chlog.go.83 抓取图片 http://wx1.sinaimg.cn/large/752a0957gy1fjq6m8q0efj20cj0i6t9w.jpg 成功
2017-09-20 21:26:14 Err chlog.go.83 抓取图片 http://ws4.sinaimg.cn/large/752a0957gy1fjq6lqlmy3j20bw0hswft.jpg 成功
2017-09-20 21:26:15 Err chlog.go.83 抓取图片 http://wx3.sinaimg.cn/large/46401622gy1fjq5ih52zhg206y08pnpd.gif 成功
2017-09-20 21:26:15 Err chlog.go.83 抓取图片 http://ws2.sinaimg.cn/large/46401622gy1fjq5hwqbcug20600697vq.gif 成功
2017-09-20 21:26:15 Err chlog.go.83 抓取图片 http://ws3.sinaimg.cn/large/46401622gy1fjq5h6f4mig208c0da7wh.gif 成功
2017-09-20 21:26:15 Err chlog.go.83 抓取图片 http://ws4.sinaimg.cn/large/46401622gy1fjq5ge52d5g206y08pe81.gif 成功
2017-09-20 21:26:15 Err chlog.go.83 抓取图片 http://wx3.sinaimg.cn/large/661eb95cgy1fjmcjvd7y1j20fo0nh75z.jpg 成功
2017-09-20 21:26:16 Err chlog.go.83 抓取图片 http://ws4.sinaimg.cn/large/46401622gy1fjq2rdidj2g209r0b4b2b.gif 成功
2017-09-20 21:26:16 Err chlog.go.83 抓取图片 http://wx3.sinaimg.cn/large/46401622gy1fjq2r0kl7ag208u06mkjm.gif 成功
2017-09-20 21:26:25 Err chlog.go.83 抓取图片 http://ws4.sinaimg.cn/large/46401622gy1fjq2jhggygg208y0d3qv8.gif 成功
2017-09-20 21:26:26 Err chlog.go.83 抓取图片 http://ws3.sinaimg.cn/large/46401622gy1fjq2hf7xwug209p0bdx6x.gif 成功
2017-09-20 21:26:26 Err chlog.go.83 抓取图片 http://wx2.sinaimg.cn/large/adf8226bgy1fjq1x2exslj20k00f0t99.jpg 成功
2017-09-20 21:26:26 Err chlog.go.83 抓取图片 http://wx2.sinaimg.cn/large/adf8226bgy1fjq1w1vozfj20k00u075u.jpg 成功
2017-09-20 21:26:26 Err chlog.go.83 抓取图片 http://wx3.sinaimg.cn/large/bf406845gy1fjq1sq13f0j20zk1hc4l4.jpg 成功
2017-09-20 21:26:26 Err chlog.go.83 抓取图片 http://ws3.sinaimg.cn/large/006FtuWbgy1fjq1sjypp3j30m80tnwkc.jpg 成功
2017-09-20 21:26:27 Err chlog.go.83 抓取图片 http://ws4.sinaimg.cn/large/46401622gy1fjq1p0utctg205j09rhdv.gif 成功
2017-09-20 21:26:28 Err chlog.go.83 抓取图片 http://ws3.sinaimg.cn/large/46401622gy1fjq1onzkp3g207k0dc4qx.gif 成功
2017-09-20 21:26:28 Err chlog.go.83 抓取图片 http://ws4.sinaimg.cn/large/46401622gy1fjq1nardfzg208c084b29.gif 成功
2017-09-20 21:26:28 Err chlog.go.83 抓取图片 http://wx2.sinaimg.cn/large/46401622gy1fjq1mriy7ag207t0bhb2a.gif 成功
2017-09-20 21:26:28 Err chlog.go.83 抓取图片 http://wx3.sinaimg.cn/large/006LnhhBly1fjq1lb9adhj30u00xehdt.jpg 成功
2017-09-20 21:26:28 Err chlog.go.83 抓取图片 http://wx1.sinaimg.cn/large/006LnhhBly1fjq1kog3bmj30nz0tn7wh.jpg 成功
2017-09-20 21:26:28 Err chlog.go.83 抓取图片 http://wx3.sinaimg.cn/large/5d3ea51egy1fjq1c9umjgj20l70qndh7.jpg 成功
2017-09-20 21:26:28 Err chlog.go.83 抓取图片 http://wx3.sinaimg.cn/large/5d3ea51egy1fjq1c05nuqj20hs0hsmxh.jpg 成功
2017-09-20 21:26:30 Err chlog.go.83 抓取图片 http://wx2.sinaimg.cn/large/7ecfe92dly1fjp5bgkxbug20f108me8b.gif 成功
2017-09-20 21:26:31 Err chlog.go.83 抓取图片 http://wx1.sinaimg.cn/large/7ecfe92dly1fjp5bk6b7zg20fk090e86.gif 成功
